make[1]: Entering directory '/home/isucon/private_isu/webapp'
sudo alp ltsv --file=/var/log/nginx/access.log --sort sum --reverse -o count,method,uri,min,max,sum,avg,p99,1xx,2xx,3xx,4xx,5xx -m "/@\w+,/posts/[0-9]+,/image/[0-9]+.(jpg|png)"
+-------+--------+-------------------------+-------+-------+---------+-------+-------+-----+------+------+-----+-----+
| COUNT | METHOD |           URI           |  MIN  |  MAX  |   SUM   |  AVG  |  P99  | 1XX | 2XX  | 3XX  | 4XX | 5XX |
+-------+--------+-------------------------+-------+-------+---------+-------+-------+-----+------+------+-----+-----+
|  5089 | GET    | /image/[0-9]+.(jpg|png) | 0.000 | 0.508 | 202.801 | 0.040 | 0.368 |   0 | 1686 | 3403 |   0 |   0 |
|   507 | GET    | /                       | 0.072 | 0.536 | 112.711 | 0.222 | 0.464 |   0 |  507 |    0 |   0 |   0 |
|   355 | POST   | /login                  | 0.004 | 0.440 |  53.555 | 0.151 | 0.420 |   0 |    0 |  355 |   0 |   0 |
|   308 | GET    | /favicon.ico            | 0.000 | 0.464 |  48.216 | 0.157 | 0.400 |   0 |  308 |    0 |   0 |   0 |
|   308 | GET    | /js/main.js             | 0.000 | 0.460 |  46.250 | 0.150 | 0.416 |   0 |  308 |    0 |   0 |   0 |
|   308 | GET    | /js/timeago.min.js      | 0.004 | 0.412 |  44.309 | 0.144 | 0.408 |   0 |  308 |    0 |   0 |   0 |
|   308 | GET    | /css/style.css          | 0.004 | 0.408 |  42.812 | 0.139 | 0.384 |   0 |  308 |    0 |   0 |   0 |
|   225 | GET    | /posts/[0-9]+           | 0.004 | 0.452 |  31.172 | 0.139 | 0.408 |   0 |  225 |    0 |   0 |   0 |
|   102 | POST   | /                       | 0.008 | 0.452 |  16.332 | 0.160 | 0.412 |   0 |    0 |   51 |  51 |   0 |
|    84 | GET    | /@\w+                   | 0.040 | 0.416 |  15.912 | 0.189 | 0.416 |   0 |   84 |    0 |   0 |   0 |
|    71 | POST   | /comment                | 0.004 | 0.420 |  12.183 | 0.172 | 0.420 |   0 |    0 |   71 |   0 |   0 |
|    74 | GET    | /login                  | 0.004 | 0.392 |  11.104 | 0.150 | 0.392 |   0 |   74 |    0 |   0 |   0 |
|    48 | GET    | /posts                  | 0.076 | 0.468 |   9.340 | 0.195 | 0.468 |   0 |   48 |    0 |   0 |   0 |
|    71 | POST   | /register               | 0.012 | 0.416 |   9.140 | 0.129 | 0.416 |   0 |    0 |   71 |   0 |   0 |
|    71 | GET    | /admin/banned           | 0.004 | 0.400 |   8.720 | 0.123 | 0.400 |   0 |    0 |    0 |  71 |   0 |
|    37 | GET    | /logout                 | 0.020 | 0.412 |   5.688 | 0.154 | 0.412 |   0 |    0 |   37 |   0 |   0 |
|     1 | GET    | /initialize             | 0.032 | 0.032 |   0.032 | 0.032 | 0.032 |   0 |    1 |    0 |   0 |   0 |
+-------+--------+-------------------------+-------+-------+---------+-------+-------+-----+------+------+-----+-----+
make[1]: Leaving directory '/home/isucon/private_isu/webapp'
