make[1]: Entering directory '/home/isucon/private_isu/webapp'
sudo alp ltsv --file=/var/log/nginx/access.log --sort sum --reverse -o count,method,uri,min,max,sum,avg,p99,1xx,2xx,3xx,4xx,5xx -m "/@\w+,/posts/[0-9]+,/image/[0-9]+.(jpg|png)"
+-------+--------+-------------------------+-------+-------+---------+-------+-------+-----+-------+-----+-----+-----+
| COUNT | METHOD |           URI           |  MIN  |  MAX  |   SUM   |  AVG  |  P99  | 1XX |  2XX  | 3XX | 4XX | 5XX |
+-------+--------+-------------------------+-------+-------+---------+-------+-------+-----+-------+-----+-----+-----+
|  1770 | GET    | /                       | 0.004 | 0.172 | 145.928 | 0.082 | 0.152 |   0 |  1770 |   0 |   0 |   0 |
|   835 | POST   | /login                  | 0.004 | 0.164 |  62.156 | 0.074 | 0.140 |   0 |     0 | 835 |   0 |   0 |
|   841 | GET    | /favicon.ico            | 0.004 | 0.164 |  61.628 | 0.073 | 0.144 |   0 |   841 |   0 |   0 |   0 |
|   841 | GET    | /js/timeago.min.js      | 0.000 | 0.148 |  54.092 | 0.064 | 0.128 |   0 |   841 |   0 |   0 |   0 |
|   841 | GET    | /css/style.css          | 0.000 | 0.152 |  53.812 | 0.064 | 0.136 |   0 |   841 |   0 |   0 |   0 |
|   841 | GET    | /js/main.js             | 0.000 | 0.148 |  52.344 | 0.062 | 0.136 |   0 |   841 |   0 |   0 |   0 |
|   530 | GET    | /@\w+                   | 0.020 | 0.180 |  47.688 | 0.090 | 0.156 |   0 |   530 |   0 |   0 |   0 |
|   208 | POST   | /                       | 0.004 | 0.168 |  17.616 | 0.085 | 0.160 |   0 |     0 | 104 | 104 |   0 |
|   146 | POST   | /register               | 0.012 | 0.168 |  12.016 | 0.082 | 0.164 |   0 |     0 | 146 |   0 |   0 |
|   166 | GET    | /login                  | 0.000 | 0.152 |  11.596 | 0.070 | 0.140 |   0 |   166 |   0 |   0 |   0 |
|   165 | GET    | /posts                  | 0.004 | 0.152 |  11.168 | 0.068 | 0.152 |   0 |   165 |   0 |   0 |   0 |
|   146 | GET    | /admin/banned           | 0.004 | 0.172 |   9.028 | 0.062 | 0.132 |   0 |     0 |   0 | 146 |   0 |
|   132 | GET    | /posts/[0-9]+           | 0.004 | 0.132 |   7.628 | 0.058 | 0.112 |   0 |   132 |   0 |   0 |   0 |
|    83 | GET    | /logout                 | 0.000 | 0.136 |   5.844 | 0.070 | 0.136 |   0 |     0 |  83 |   0 |   0 |
|    11 | POST   | /comment                | 0.016 | 0.160 |   0.780 | 0.071 | 0.160 |   0 |     0 |  11 |   0 |   0 |
|     1 | GET    | /initialize             | 0.024 | 0.024 |   0.024 | 0.024 | 0.024 |   0 |     1 |   0 |   0 |   0 |
| 10292 | GET    | /image/[0-9]+.(jpg|png) | 0.000 | 0.000 |   0.000 | 0.000 | 0.000 |   0 | 10292 |   0 |   0 |   0 |
+-------+--------+-------------------------+-------+-------+---------+-------+-------+-----+-------+-----+-----+-----+
make[1]: Leaving directory '/home/isucon/private_isu/webapp'
