make[1]: Entering directory '/home/isucon/private_isu/webapp'
sudo alp ltsv --file=/var/log/nginx/access.log --sort sum --reverse -o count,method,uri,min,max,sum,avg,p99,1xx,2xx,3xx,4xx,5xx -m "/@\w+,/posts/[0-9]+,/image/[0-9]+.(jpg|png)"
+-------+--------+-------------------------+-------+-------+---------+-------+-------+-----+-----+-----+-----+-----+
| COUNT | METHOD |           URI           |  MIN  |  MAX  |   SUM   |  AVG  |  P99  | 1XX | 2XX | 3XX | 4XX | 5XX |
+-------+--------+-------------------------+-------+-------+---------+-------+-------+-----+-----+-----+-----+-----+
|   489 | GET    | /                       | 0.016 | 1.332 | 326.232 | 0.667 | 1.184 |   0 | 489 |   0 |   0 |   0 |
|   137 | POST   | /login                  | 0.004 | 1.016 |  63.428 | 0.463 | 1.000 |   0 |   0 | 137 |   0 |   0 |
|    69 | GET    | /@\w+                   | 0.032 | 1.328 |  51.328 | 0.744 | 1.328 |   0 |  69 |   0 |   0 |   0 |
|    68 | GET    | /js/timeago.min.js      | 0.012 | 1.072 |  39.576 | 0.582 | 1.072 |   0 |  68 |   0 |   0 |   0 |
|    68 | GET    | /css/style.css          | 0.004 | 1.188 |  39.168 | 0.576 | 1.188 |   0 |  68 |   0 |   0 |   0 |
|    68 | GET    | /favicon.ico            | 0.216 | 1.096 |  38.452 | 0.565 | 1.096 |   0 |  68 |   0 |   0 |   0 |
|    68 | GET    | /js/main.js             | 0.080 | 1.088 |  37.108 | 0.546 | 1.088 |   0 |  68 |   0 |   0 |   0 |
|    34 | POST   | /                       | 0.004 | 1.028 |  17.380 | 0.511 | 1.028 |   0 |   0 |  17 |  17 |   0 |
|    32 | GET    | /login                  | 0.000 | 1.016 |  13.152 | 0.411 | 1.016 |   0 |  32 |   0 |   0 |   0 |
|    22 | POST   | /register               | 0.016 | 0.892 |  12.956 | 0.589 | 0.892 |   0 |   0 |  22 |   0 |   0 |
|    22 | GET    | /admin/banned           | 0.012 | 0.956 |  11.540 | 0.525 | 0.956 |   0 |   0 |   0 |  22 |   0 |
|    20 | GET    | /posts/[0-9]+           | 0.004 | 1.036 |  10.064 | 0.503 | 1.036 |   0 |  20 |   0 |   0 |   0 |
|    16 | GET    | /logout                 | 0.624 | 1.096 |   9.616 | 0.601 | 1.096 |   0 |   0 |  16 |   0 |   0 |
|   355 | GET    | /image/[0-9]+.(jpg|png) | 0.207 | 0.467 |   1.532 | 0.004 | 0.207 |   0 | 222 |   0 | 133 |   0 |
|     5 | GET    | /initialize             | 0.016 | 0.084 |   0.180 | 0.036 | 0.084 |   0 |   5 |   0 |   0 |   0 |
|     3 | POST   | /comment                | 0.004 | 0.008 |   0.020 | 0.007 | 0.008 |   0 |   0 |   3 |   0 |   0 |
+-------+--------+-------------------------+-------+-------+---------+-------+-------+-----+-----+-----+-----+-----+
make[1]: Leaving directory '/home/isucon/private_isu/webapp'
