make[1]: Entering directory '/home/isucon/private_isu/webapp'
sudo alp ltsv --file=/var/log/nginx/access.log --sort sum --reverse -o count,method,uri,min,max,sum,avg,p99,1xx,2xx,3xx,4xx,5xx -m "/@\w+,/posts/[0-9]+,/image/[0-9]+.(jpg|png|gif)"
+-------+--------+-----------------------------+-------+-------+---------+-------+-------+-----+------+-------+-----+-----+
| COUNT | METHOD |             URI             |  MIN  |  MAX  |   SUM   |  AVG  |  P99  | 1XX | 2XX  |  3XX  | 4XX | 5XX |
+-------+--------+-----------------------------+-------+-------+---------+-------+-------+-----+------+-------+-----+-----+
|  3306 | GET    | /                           | 0.004 | 0.272 | 253.959 | 0.077 | 0.184 |   0 | 3306 |     0 |   0 |   0 |
|  1193 | GET    | /posts/[0-9]+               | 0.004 | 0.280 |  90.475 | 0.076 | 0.176 |   0 | 1193 |     0 |   0 |   0 |
|  1073 | POST   | /login                      | 0.004 | 0.276 |  89.162 | 0.083 | 0.184 |   0 |    0 |  1073 |   0 |   0 |
|   659 | GET    | /posts                      | 0.040 | 0.232 |  55.196 | 0.084 | 0.184 |   0 |  659 |     0 |   0 |   0 |
| 48993 | GET    | /image/[0-9]+.(jpg|png|gif) | 0.000 | 0.276 |  37.523 | 0.001 | 0.000 |   0 | 1446 | 47547 |   0 |   0 |
|   374 | GET    | /login                      | 0.004 | 0.224 |  27.023 | 0.072 | 0.216 |   0 |  374 |     0 |   0 |   0 |
|   242 | GET    | /@\w+                       | 0.012 | 0.176 |  20.876 | 0.086 | 0.168 |   0 |  242 |     0 |   0 |   0 |
|   214 | POST   | /                           | 0.016 | 0.240 |  19.315 | 0.090 | 0.192 |   0 |    0 |   107 | 107 |   0 |
|   187 | GET    | /logout                     | 0.036 | 0.196 |  14.212 | 0.076 | 0.192 |   0 |    0 |   187 |   0 |   0 |
|   149 | POST   | /register                   | 0.016 | 0.244 |  12.444 | 0.084 | 0.176 |   0 |    0 |   149 |   0 |   0 |
|   149 | POST   | /comment                    | 0.008 | 0.212 |  11.284 | 0.076 | 0.208 |   0 |    0 |   149 |   0 |   0 |
|   149 | GET    | /admin/banned               | 0.036 | 0.204 |  10.844 | 0.073 | 0.196 |   0 |    0 |     0 | 149 |   0 |
|     1 | GET    | /initialize                 | 0.020 | 0.020 |   0.020 | 0.020 | 0.020 |   0 |    1 |     0 |   0 |   0 |
|  3383 | GET    | /js/timeago.min.js          | 0.000 | 0.000 |   0.000 | 0.000 | 0.000 |   0 |    1 |  3382 |   0 |   0 |
|  3383 | GET    | /js/main.js                 | 0.000 | 0.000 |   0.000 | 0.000 | 0.000 |   0 |    1 |  3382 |   0 |   0 |
|  3383 | GET    | /css/style.css              | 0.000 | 0.000 |   0.000 | 0.000 | 0.000 |   0 |    1 |  3382 |   0 |   0 |
|  3383 | GET    | /favicon.ico                | 0.000 | 0.000 |   0.000 | 0.000 | 0.000 |   0 |    1 |  3382 |   0 |   0 |
+-------+--------+-----------------------------+-------+-------+---------+-------+-------+-----+------+-------+-----+-----+
make[1]: Leaving directory '/home/isucon/private_isu/webapp'
