make[1]: Entering directory '/home/isucon/private_isu/webapp'
sudo alp ltsv --file=/var/log/nginx/access.log --sort sum --reverse -o count,method,uri,min,max,sum,avg,p99,1xx,2xx,3xx,4xx,5xx -m "/@\w+,/posts/[0-9]+,/image/[0-9]+.(jpg|png)"
+-------+--------+-------------------------+-------+-------+---------+-------+-------+-----+-------+-----+-----+-----+
| COUNT | METHOD |           URI           |  MIN  |  MAX  |   SUM   |  AVG  |  P99  | 1XX |  2XX  | 3XX | 4XX | 5XX |
+-------+--------+-------------------------+-------+-------+---------+-------+-------+-----+-------+-----+-----+-----+
|  2036 | GET    | /                       | 0.004 | 0.172 | 144.732 | 0.071 | 0.136 |   0 |  2036 |   0 |   0 |   0 |
|   995 | POST   | /login                  | 0.004 | 0.144 |  64.296 | 0.065 | 0.120 |   0 |     0 | 995 |   0 |   0 |
|  1029 | GET    | /favicon.ico            | 0.008 | 0.172 |  61.268 | 0.060 | 0.124 |   0 |  1029 |   0 |   0 |   0 |
|  1029 | GET    | /js/main.js             | 0.004 | 0.144 |  57.492 | 0.056 | 0.120 |   0 |  1029 |   0 |   0 |   0 |
|  1029 | GET    | /js/timeago.min.js      | 0.004 | 0.144 |  56.512 | 0.055 | 0.116 |   0 |  1029 |   0 |   0 |   0 |
|  1029 | GET    | /css/style.css          | 0.004 | 0.148 |  55.648 | 0.054 | 0.120 |   0 |  1029 |   0 |   0 |   0 |
|   635 | GET    | /@\w+                   | 0.004 | 0.152 |  38.168 | 0.060 | 0.132 |   0 |   635 |   0 |   0 |   0 |
|   248 | POST   | /                       | 0.000 | 0.172 |  16.888 | 0.068 | 0.148 |   0 |     0 | 124 | 124 |   0 |
|   208 | GET    | /posts                  | 0.012 | 0.128 |  12.068 | 0.058 | 0.108 |   0 |   208 |   0 |   0 |   0 |
|   175 | POST   | /register               | 0.012 | 0.136 |  11.864 | 0.068 | 0.132 |   0 |     0 | 175 |   0 |   0 |
|   198 | GET    | /login                  | 0.000 | 0.136 |  11.260 | 0.057 | 0.120 |   0 |   198 |   0 |   0 |   0 |
|   172 | GET    | /posts/[0-9]+           | 0.004 | 0.120 |   9.928 | 0.058 | 0.116 |   0 |   172 |   0 |   0 |   0 |
|   175 | GET    | /admin/banned           | 0.004 | 0.116 |   8.992 | 0.051 | 0.112 |   0 |     0 |   0 | 175 |   0 |
|    99 | GET    | /logout                 | 0.008 | 0.148 |   5.896 | 0.060 | 0.148 |   0 |     0 |  99 |   0 |   0 |
|    25 | POST   | /comment                | 0.012 | 0.144 |   1.316 | 0.053 | 0.144 |   0 |     0 |  25 |   0 |   0 |
|     1 | GET    | /initialize             | 0.024 | 0.024 |   0.024 | 0.024 | 0.024 |   0 |     1 |   0 |   0 |   0 |
| 12720 | GET    | /image/[0-9]+.(jpg|png) | 0.000 | 0.000 |   0.000 | 0.000 | 0.000 |   0 | 12720 |   0 |   0 |   0 |
+-------+--------+-------------------------+-------+-------+---------+-------+-------+-----+-------+-----+-----+-----+
make[1]: Leaving directory '/home/isucon/private_isu/webapp'
