make[1]: Entering directory '/home/isucon/private_isu/webapp'
sudo pt-query-digest /var/log/mysql/mysql-slow.log

# 19.5s user time, 20ms system time, 29.62M rss, 35.26M vsz
# Current date: Sat Jul 16 18:10:23 2022
# Hostname: ip-172-31-39-43
# Files: /var/log/mysql/mysql-slow.log
# Overall: 331.41k total, 24 unique, 2.86k QPS, 0.14x concurrency ________
# Time range: 2022-07-16T09:08:17 to 2022-07-16T09:10:13
# Attribute          total     min     max     avg     95%  stddev  median
# ============     ======= ======= ======= ======= ======= ======= =======
# Exec time            17s     1us   104ms    50us    98us   282us    36us
# Lock time          123ms       0     2ms       0     1us     4us       0
# Rows sent        173.79k       0     124    0.54    0.99    4.85       0
# Rows examine     396.55k       0    1000    1.23    0.99   11.79       0
# Query size        13.31M      28     216   42.12   80.10   18.83   31.70

# Profile
# Rank Query ID                     Response time Calls  R/Call V/M   Item
# ==== ============================ ============= ====== ====== ===== ====
#    1 0xDA556F9115773A1A99AA016...  5.1180 30.5% 109775 0.0000  0.00 ADMIN PREPARE
#    2 0x396201721CD58410E070DA9...  3.0329 18.1%  36966 0.0001  0.00 SELECT users
#    3 0x422390B42D4DD86C7539A5F...  2.6543 15.8%  34171 0.0001  0.00 SELECT comments
#    4 0x624863D30DAC59FA1684928...  2.5096 15.0%  33999 0.0001  0.00 SELECT comments
#    5 0x26489ECBE26887E480CA806...  0.9090  5.4%    175 0.0052  0.00 INSERT users
#    6 0x8E21829C2D7DC2B5180B7C4...  0.6171  3.7%    124 0.0050  0.00 INSERT posts
#    7 0x1CD48AE21E9C97BE44D0B06...  0.5309  3.2%   2037 0.0003  0.00 SELECT posts
#    8 0x07890000813C4CC7111FD2D...  0.4492  2.7% 109823 0.0000  0.00 ADMIN CLOSE STMT
#    9 0x9F2038550F51B0A3AB05CA5...  0.2742  1.6%     25 0.0110  0.03 INSERT comments
# MISC 0xMISC                        0.6752  4.0%   4315 0.0002   0.0 <15 ITEMS>

# Query 1: 946.34 QPS, 0.04x concurrency, ID 0xDA556F9115773A1A99AA0165670CE848 at byte 38107249
# Scores: V/M = 0.00
# Time range: 2022-07-16T09:08:17 to 2022-07-16T09:10:13
# Attribute    pct   total     min     max     avg     95%  stddev  median
# ============ === ======= ======= ======= ======= ======= ======= =======
# Count         33  109775
# Exec time     30      5s    29us     9ms    46us    73us    88us    36us
# Lock time      0       0       0       0       0       0       0       0
# Rows sent      0       0       0       0       0       0       0       0
# Rows examine   0       0       0       0       0       0       0       0
# Query size    23   3.14M      30      30      30      30       0      30
# String:
# Hosts        localhost
# Users        isuconp
# Query_time distribution
#   1us
#  10us  ################################################################
# 100us  #
#   1ms  #
#  10ms
# 100ms
#    1s
#  10s+
administrator command: Prepare\G

# Query 2: 318.67 QPS, 0.03x concurrency, ID 0x396201721CD58410E070DA9421CA8C8D at byte 38120778
# Scores: V/M = 0.00
# Time range: 2022-07-16T09:08:17 to 2022-07-16T09:10:13
# Attribute    pct   total     min     max     avg     95%  stddev  median
# ============ === ======= ======= ======= ======= ======= ======= =======
# Count         11   36966
# Exec time     18      3s    41us    12ms    82us   108us   284us    47us
# Lock time     32    40ms       0     1ms     1us     1us     7us     1us
# Rows sent     20  36.10k       1       1       1       1       0       1
# Rows examine   9  36.10k       1       1       1       1       0       1
# Query size    10   1.34M      37      39   37.94   36.69    0.13   36.69
# String:
# Hosts        localhost
# Users        isuconp
# Query_time distribution
#   1us
#  10us  ################################################################
# 100us  ######
#   1ms  #
#  10ms  #
# 100ms
#    1s
#  10s+
# Tables
#    SHOW TABLE STATUS LIKE 'users'\G
#    SHOW CREATE TABLE `users`\G
# EXPLAIN /*!50100 PARTITIONS*/
SELECT * FROM `users` WHERE `id` = 756\G

# Query 3: 294.58 QPS, 0.02x concurrency, ID 0x422390B42D4DD86C7539A5F45EB76A80 at byte 40452443
# Scores: V/M = 0.00
# Time range: 2022-07-16T09:08:17 to 2022-07-16T09:10:13
# Attribute    pct   total     min     max     avg     95%  stddev  median
# ============ === ======= ======= ======= ======= ======= ======= =======
# Count         10   34171
# Exec time     15      3s    58us     8ms    77us   119us    79us    66us
# Lock time     28    35ms       0    50us     1us     1us       0     1us
# Rows sent     19  33.37k       1       1       1       1       0       1
# Rows examine   0     951       0       3    0.03       0    0.16       0
# Query size    16   2.15M      66      66      66      66       0      66
# String:
# Hosts        localhost
# Users        isuconp
# Query_time distribution
#   1us
#  10us  ################################################################
# 100us  #########
#   1ms  #
#  10ms
# 100ms
#    1s
#  10s+
# Tables
#    SHOW TABLE STATUS LIKE 'comments'\G
#    SHOW CREATE TABLE `comments`\G
# EXPLAIN /*!50100 PARTITIONS*/
SELECT COUNT(*) AS `count` FROM `comments` WHERE `post_id` = 10280\G

# Query 4: 293.09 QPS, 0.02x concurrency, ID 0x624863D30DAC59FA16849282195BE09F at byte 42073351
# Scores: V/M = 0.00
# Time range: 2022-07-16T09:08:17 to 2022-07-16T09:10:13
# Attribute    pct   total     min     max     avg     95%  stddev  median
# ============ === ======= ======= ======= ======= ======= ======= =======
# Count         10   33999
# Exec time     14      3s    56us     8ms    73us   113us    79us    60us
# Lock time     28    35ms       0   236us     1us     1us     1us     1us
# Rows sent      0     920       0       2    0.03       0    0.16       0
# Rows examine   0     920       0       2    0.03       0    0.16       0
# Query size    20   2.69M      83      83      83      83       0      83
# String:
# Hosts        localhost
# Users        isuconp
# Query_time distribution
#   1us
#  10us  ################################################################
# 100us  #######
#   1ms  #
#  10ms
# 100ms
#    1s
#  10s+
# Tables
#    SHOW TABLE STATUS LIKE 'comments'\G
#    SHOW CREATE TABLE `comments`\G
# EXPLAIN /*!50100 PARTITIONS*/
SELECT * FROM `comments` WHERE `post_id` = 10282 ORDER BY `created_at` DESC LIMIT 3\G

# Query 5: 2.92 QPS, 0.02x concurrency, ID 0x26489ECBE26887E480CA8067F971EA04 at byte 42031755
# Scores: V/M = 0.00
# Time range: 2022-07-16T09:08:17 to 2022-07-16T09:09:17
# Attribute    pct   total     min     max     avg     95%  stddev  median
# ============ === ======= ======= ======= ======= ======= ======= =======
# Count          0     175
# Exec time      5   909ms     3ms    35ms     5ms    10ms     3ms     4ms
# Lock time      0   361us     1us     5us     2us     3us       0     1us
# Rows sent      0       0       0       0       0       0       0       0
# Rows examine   0       0       0       0       0       0       0       0
# Query size     0  36.91k     216     216     216     216       0     216
# String:
# Hosts        localhost
# Users        isuconp
# Query_time distribution
#   1us
#  10us
# 100us
#   1ms  ################################################################
#  10ms  ####
# 100ms
#    1s
#  10s+
# Tables
#    SHOW TABLE STATUS LIKE 'users'\G
#    SHOW CREATE TABLE `users`\G
INSERT INTO `users` (`account_name`, `passhash`) VALUES ('RFG48unc6TwytYTpMK42Malni','f834f65ff2e825110f4c0c20231ce402c56465c6b177eeb160ff884223ca8124db92f22507bcdb75fe79644e96b678d1b240a2f788daa7cc857b642b05b2f703')\G

# Query 6: 2.07 QPS, 0.01x concurrency, ID 0x8E21829C2D7DC2B5180B7C446772F96A at byte 3256979
# Scores: V/M = 0.00
# Time range: 2022-07-16T09:08:17 to 2022-07-16T09:09:17
# Attribute    pct   total     min     max     avg     95%  stddev  median
# ============ === ======= ======= ======= ======= ======= ======= =======
# Count          0     124
# Exec time      3   617ms     3ms    16ms     5ms     9ms     2ms     4ms
# Lock time      0   171us     1us     2us     1us     1us       0     1us
# Rows sent      0       0       0       0       0       0       0       0
# Rows examine   0       0       0       0       0       0       0       0
# Query size     0  16.41k      93     190  135.50  174.84   24.76  130.47
# String:
# Hosts        localhost
# Users        isuconp
# Query_time distribution
#   1us
#  10us
# 100us
#   1ms  ################################################################
#  10ms  ###
# 100ms
#    1s
#  10s+
# Tables
#    SHOW TABLE STATUS LIKE 'posts'\G
#    SHOW CREATE TABLE `posts`\G
INSERT INTO `posts` (`user_id`, `mime`, `body`) VALUES (908,'image/jpeg','ｵﾒｯﾄｺﾞｰﾙ (oﾟﾟ)/θ☆‥……━━━(ﾟoﾟ;)━[●]ｺﾞｰｰｰﾙｩ!!')\G

# Query 7: 17.56 QPS, 0.00x concurrency, ID 0x1CD48AE21E9C97BE44D0B06948A2E5CC at byte 73488557
# Scores: V/M = 0.00
# Time range: 2022-07-16T09:08:17 to 2022-07-16T09:10:13
# Attribute    pct   total     min     max     avg     95%  stddev  median
# ============ === ======= ======= ======= ======= ======= ======= =======
# Count          0    2037
# Exec time      3   531ms    77us     7ms   260us   515us   276us   204us
# Lock time      4     5ms       0     2ms     2us     1us    42us     1us
# Rows sent     58 100.97k       0     124   50.76  112.70   37.24   42.48
# Rows examine  50 201.93k       0     248  101.51  223.14   74.47   84.10
# Query size     1 183.01k      92      92      92      92       0      92
# String:
# Hosts        localhost
# Users        isuconp
# Query_time distribution
#   1us
#  10us  ###
# 100us  ################################################################
#   1ms  #
#  10ms
# 100ms
#    1s
#  10s+
# Tables
#    SHOW TABLE STATUS LIKE 'posts'\G
#    SHOW CREATE TABLE `posts`\G
# EXPLAIN /*!50100 PARTITIONS*/
SELECT `id`, `user_id`, `body`, `created_at`, `mime` FROM `posts` ORDER BY `created_at` DESC\G

# Query 8: 946.75 QPS, 0.00x concurrency, ID 0x07890000813C4CC7111FD2D3F3B3B4EB at byte 59175800
# Scores: V/M = 0.00
# Time range: 2022-07-16T09:08:17 to 2022-07-16T09:10:13
# Attribute    pct   total     min     max     avg     95%  stddev  median
# ============ === ======= ======= ======= ======= ======= ======= =======
# Count         33  109823
# Exec time      2   449ms     1us     5ms     4us     5us    21us     3us
# Lock time      0       0       0       0       0       0       0       0
# Rows sent      0       0       0       0       0       0       0       0
# Rows examine   0       0       0       0       0       0       0       0
# Query size    25   3.46M      33      33      33      33       0      33
# String:
# Hosts        localhost
# Users        isuconp
# Query_time distribution
#   1us  ################################################################
#  10us  #
# 100us  #
#   1ms  #
#  10ms
# 100ms
#    1s
#  10s+
administrator command: Close stmt\G

# Query 9: 0.52 QPS, 0.01x concurrency, ID 0x9F2038550F51B0A3AB05CA526E3FEDDC at byte 38712555
# Scores: V/M = 0.03
# Time range: 2022-07-16T09:08:29 to 2022-07-16T09:09:17
# Attribute    pct   total     min     max     avg     95%  stddev  median
# ============ === ======= ======= ======= ======= ======= ======= =======
# Count          0      25
# Exec time      1   274ms     3ms   104ms    11ms    12ms    18ms     8ms
# Lock time      0    35us     1us     3us     1us     1us       0     1us
# Rows sent      0       0       0       0       0       0       0       0
# Rows examine   0       0       0       0       0       0       0       0
# Query size     0   3.57k     108     179  146.08  166.51   19.64  143.84
# String:
# Hosts        localhost
# Users        isuconp
# Query_time distribution
#   1us
#  10us
# 100us
#   1ms  ################################################################
#  10ms  #########
# 100ms  ###
#    1s
#  10s+
# Tables
#    SHOW TABLE STATUS LIKE 'comments'\G
#    SHOW CREATE TABLE `comments`\G
INSERT INTO `comments` (`post_id`, `user_id`, `comment`) VALUES ('10268',530,'＝＝((( (/* ^^)/　ﾊﾛｰｰｰ!!')\G
make[1]: Leaving directory '/home/isucon/private_isu/webapp'
