make[1]: Entering directory '/home/isucon/private_isu/webapp'
sudo alp ltsv --file=/var/log/nginx/access.log --sort sum --reverse -o count,method,uri,min,max,sum,avg,p99,1xx,2xx,3xx,4xx,5xx -m "/@\w+,/posts/[0-9]+,/image/[0-9]+.(jpg|png)"
+-------+--------+-------------------------+-------+-------+---------+-------+-------+-----+------+------+-----+-----+
| COUNT | METHOD |           URI           |  MIN  |  MAX  |   SUM   |  AVG  |  P99  | 1XX | 2XX  | 3XX  | 4XX | 5XX |
+-------+--------+-------------------------+-------+-------+---------+-------+-------+-----+------+------+-----+-----+
|  4333 | GET    | /image/[0-9]+.(jpg|png) | 0.000 | 0.648 | 211.812 | 0.049 | 0.452 |   0 | 1570 | 2763 |   0 |   0 |
|   439 | GET    | /                       | 0.064 | 0.608 | 106.076 | 0.242 | 0.552 |   0 |  439 |    0 |   0 |   0 |
|   254 | GET    | /favicon.ico            | 0.004 | 0.608 |  50.560 | 0.199 | 0.528 |   0 |  254 |    0 |   0 |   0 |
|   309 | POST   | /login                  | 0.008 | 0.568 |  48.016 | 0.155 | 0.432 |   0 |    0 |  309 |   0 |   0 |
|   254 | GET    | /js/timeago.min.js      | 0.004 | 0.548 |  44.056 | 0.173 | 0.468 |   0 |  254 |    0 |   0 |   0 |
|   254 | GET    | /css/style.css          | 0.004 | 0.548 |  42.156 | 0.166 | 0.488 |   0 |  254 |    0 |   0 |   0 |
|   254 | GET    | /js/main.js             | 0.000 | 0.472 |  41.072 | 0.162 | 0.432 |   0 |  254 |    0 |   0 |   0 |
|   189 | GET    | /posts/[0-9]+           | 0.004 | 0.648 |  37.612 | 0.199 | 0.576 |   0 |  189 |    0 |   0 |   0 |
|    76 | GET    | /@\w+                   | 0.036 | 0.516 |  16.428 | 0.216 | 0.516 |   0 |   76 |    0 |   0 |   0 |
|    90 | POST   | /                       | 0.008 | 0.476 |  15.756 | 0.175 | 0.476 |   0 |    0 |   45 |  45 |   0 |
|    63 | GET    | /admin/banned           | 0.016 | 0.488 |  12.104 | 0.192 | 0.488 |   0 |    0 |    0 |  63 |   0 |
|    62 | GET    | /login                  | 0.024 | 0.496 |  10.148 | 0.164 | 0.496 |   0 |   62 |    0 |   0 |   0 |
|    63 | POST   | /register               | 0.032 | 0.424 |   9.964 | 0.158 | 0.424 |   0 |    0 |   63 |   0 |   0 |
|    44 | GET    | /posts                  | 0.072 | 0.472 |   9.104 | 0.207 | 0.472 |   0 |   44 |    0 |   0 |   0 |
|    63 | POST   | /comment                | 0.016 | 0.364 |   7.776 | 0.123 | 0.364 |   0 |    0 |   63 |   0 |   0 |
|    31 | GET    | /logout                 | 0.016 | 0.552 |   6.944 | 0.224 | 0.552 |   0 |    0 |   31 |   0 |   0 |
|     2 | GET    | /image/6208.gif         | 0.252 | 0.500 |   0.752 | 0.376 | 0.500 |   0 |    2 |    0 |   0 |   0 |
|     1 | GET    | /initialize             | 0.028 | 0.028 |   0.028 | 0.028 | 0.028 |   0 |    1 |    0 |   0 |   0 |
+-------+--------+-------------------------+-------+-------+---------+-------+-------+-----+------+------+-----+-----+
make[1]: Leaving directory '/home/isucon/private_isu/webapp'
