make[1]: Entering directory '/home/isucon/private_isu/webapp'
sudo pt-query-digest /var/log/mysql/mysql-slow.log

# 8.3s user time, 10ms system time, 29.42M rss, 35.29M vsz
# Current date: Sun Jul 17 12:28:04 2022
# Hostname: ip-172-31-32-108
# Files: /var/log/mysql/mysql-slow.log
# Overall: 142.09k total, 24 unique, 2.19k QPS, 0.53x concurrency ________
# Time range: 2022-07-17T03:26:34 to 2022-07-17T03:27:39
# Attribute          total     min     max     avg     95%  stddev  median
# ============     ======= ======= ======= ======= ======= ======= =======
# Exec time            34s     2us   283ms   242us    76us     4ms    35us
# Lock time           51ms       0    33us       0     1us       0       0
# Rows sent          4.66M       0   9.81k   34.39    0.99  564.98       0
# Rows examine      18.01M       0  97.72k  132.93    2.90   2.53k       0
# Query size         5.38M      28     216   39.69   80.10   16.44   31.70

# Profile
# Rank Query ID                      Response time Calls R/Call V/M   Item
# ==== ============================= ============= ===== ====== ===== ====
#    1 0x19759A5557089FD5B718D440... 18.6897 54.3%  1716 0.0109  0.13 SELECT posts
#    2 0x1CD48AE21E9C97BE44D0B069...  7.1165 20.7%   439 0.0162  0.00 SELECT posts
#    3 0xDA556F9115773A1A99AA0165...  1.9347  5.6% 47234 0.0000  0.00 ADMIN PREPARE
#    4 0xCDEB1AFF2AE2BE51B2ED5CF0...  1.1804  3.4%    76 0.0155  0.00 SELECT comments
#    5 0x396201721CD58410E070DA94...  1.1604  3.4% 23054 0.0001  0.00 SELECT users
#    6 0x7A12D0C8F433684C3027353C...  0.8091  2.3%    44 0.0184  0.00 SELECT posts
#    7 0x422390B42D4DD86C7539A5F4...  0.7803  2.3% 10746 0.0001  0.00 SELECT comments
#    8 0x624863D30DAC59FA16849282...  0.7310  2.1% 10557 0.0001  0.00 SELECT comments
#    9 0x26489ECBE26887E480CA8067...  0.5371  1.6%    63 0.0085  0.03 INSERT users
# MISC 0xMISC                         1.5027  4.4% 48161 0.0000   0.0 <15 ITEMS>

# Query 1: 26.40 QPS, 0.29x concurrency, ID 0x19759A5557089FD5B718D440CBBB5C55 at byte 28845776
# Scores: V/M = 0.13
# Time range: 2022-07-17T03:26:34 to 2022-07-17T03:27:39
# Attribute    pct   total     min     max     avg     95%  stddev  median
# ============ === ======= ======= ======= ======= ======= ======= =======
# Count          1    1716
# Exec time     54     19s    62us   283ms    11ms   105ms    38ms   185us
# Lock time      5     3ms     1us    21us     1us     1us     1us     1us
# Rows sent      0   1.68k       1       1       1       1       0       1
# Rows examine   0   1.68k       1       1       1       1       0       1
# Query size     1  65.79k      37      42   39.26   40.45    0.63   38.53
# String:
# Hosts        localhost
# Users        isuconp
# Query_time distribution
#   1us
#  10us  ##
# 100us  ################################################################
#   1ms  #########
#  10ms  #
# 100ms  #####
#    1s
#  10s+
# Tables
#    SHOW TABLE STATUS LIKE 'posts'\G
#    SHOW CREATE TABLE `posts`\G
# EXPLAIN /*!50100 PARTITIONS*/
SELECT * FROM `posts` WHERE `id` = '9826'\G

# Query 2: 7.08 QPS, 0.11x concurrency, ID 0x1CD48AE21E9C97BE44D0B06948A2E5CC at byte 20383560
# Scores: V/M = 0.00
# Time range: 2022-07-17T03:26:34 to 2022-07-17T03:27:36
# Attribute    pct   total     min     max     avg     95%  stddev  median
# ============ === ======= ======= ======= ======= ======= ======= =======
# Count          0     439
# Exec time     20      7s    15ms    26ms    16ms    19ms     1ms    16ms
# Lock time      1   610us     1us    33us     1us     1us     1us     1us
# Rows sent     90   4.20M   9.77k   9.81k   9.79k   9.80k   22.50   9.33k
# Rows examine  46   8.39M  19.53k  19.62k  19.58k  19.40k       0  19.40k
# Query size     0  39.44k      92      92      92      92       0      92
# String:
# Hosts        localhost
# Users        isuconp
# Query_time distribution
#   1us
#  10us
# 100us
#   1ms
#  10ms  ################################################################
# 100ms
#    1s
#  10s+
# Tables
#    SHOW TABLE STATUS LIKE 'posts'\G
#    SHOW CREATE TABLE `posts`\G
# EXPLAIN /*!50100 PARTITIONS*/
SELECT `id`, `user_id`, `body`, `created_at`, `mime` FROM `posts` ORDER BY `created_at` DESC\G

# Query 3: 726.68 QPS, 0.03x concurrency, ID 0xDA556F9115773A1A99AA0165670CE848 at byte 33751965
# Scores: V/M = 0.00
# Time range: 2022-07-17T03:26:34 to 2022-07-17T03:27:39
# Attribute    pct   total     min     max     avg     95%  stddev  median
# ============ === ======= ======= ======= ======= ======= ======= =======
# Count         33   47234
# Exec time      5      2s    31us     4ms    40us    60us    39us    35us
# Lock time      0       0       0       0       0       0       0       0
# Rows sent      0       0       0       0       0       0       0       0
# Rows examine   0       0       0       0       0       0       0       0
# Query size    25   1.35M      30      30      30      30       0      30
# String:
# Hosts        localhost
# Users        isuconp
# Query_time distribution
#   1us
#  10us  ################################################################
# 100us  #
#   1ms  #
#  10ms
# 100ms
#    1s
#  10s+
administrator command: Prepare\G

# Query 4: 1.25 QPS, 0.02x concurrency, ID 0xCDEB1AFF2AE2BE51B2ED5CF03D4E749F at byte 16105769
# Scores: V/M = 0.00
# Time range: 2022-07-17T03:26:34 to 2022-07-17T03:27:35
# Attribute    pct   total     min     max     avg     95%  stddev  median
# ============ === ======= ======= ======= ======= ======= ======= =======
# Count          0      76
# Exec time      3      1s    15ms    25ms    16ms    16ms     1ms    15ms
# Lock time      0    76us       0     2us     1us     1us       0     1us
# Rows sent      0      76       1       1       1       1       0       1
# Rows examine  40   7.25M  97.66k  97.72k  97.69k  97.04k       0  97.04k
# Query size     0   4.59k      61      62   61.87   59.77       0   59.77
# String:
# Hosts        localhost
# Users        isuconp
# Query_time distribution
#   1us
#  10us
# 100us
#   1ms
#  10ms  ################################################################
# 100ms
#    1s
#  10s+
# Tables
#    SHOW TABLE STATUS LIKE 'comments'\G
#    SHOW CREATE TABLE `comments`\G
# EXPLAIN /*!50100 PARTITIONS*/
SELECT COUNT(*) AS count FROM `comments` WHERE `user_id` = 890\G

# Query 5: 354.68 QPS, 0.02x concurrency, ID 0x396201721CD58410E070DA9421CA8C8D at byte 15269521
# Scores: V/M = 0.00
# Time range: 2022-07-17T03:26:34 to 2022-07-17T03:27:39
# Attribute    pct   total     min     max     avg     95%  stddev  median
# ============ === ======= ======= ======= ======= ======= ======= =======
# Count         16   23054
# Exec time      3      1s    44us     5ms    50us    60us    36us    47us
# Lock time     46    23ms       0    23us     1us     1us       0     1us
# Rows sent      0  22.51k       1       1       1       1       0       1
# Rows examine   0  22.51k       1       1       1       1       0       1
# Query size    15 853.63k      36      39   37.92   36.69    0.16   36.69
# String:
# Hosts        localhost
# Users        isuconp
# Query_time distribution
#   1us
#  10us  ################################################################
# 100us  #
#   1ms  #
#  10ms
# 100ms
#    1s
#  10s+
# Tables
#    SHOW TABLE STATUS LIKE 'users'\G
#    SHOW CREATE TABLE `users`\G
# EXPLAIN /*!50100 PARTITIONS*/
SELECT * FROM `users` WHERE `id` = 736\G

# Query 6: 0.75 QPS, 0.01x concurrency, ID 0x7A12D0C8F433684C3027353C36CAB572 at byte 3901991
# Scores: V/M = 0.00
# Time range: 2022-07-17T03:26:40 to 2022-07-17T03:27:39
# Attribute    pct   total     min     max     avg     95%  stddev  median
# ============ === ======= ======= ======= ======= ======= ======= =======
# Count          0      44
# Exec time      2   809ms    18ms    22ms    18ms    20ms     1ms    17ms
# Lock time      0    68us     1us     2us     1us     1us       0     1us
# Rows sent      8 426.97k   9.58k   9.76k   9.70k   9.33k       0   9.33k
# Rows examine   4 858.09k  19.38k  19.56k  19.50k  19.40k   91.50  19.40k
# Query size     0   5.84k     136     136     136     136       0     136
# String:
# Hosts        localhost
# Users        isuconp
# Query_time distribution
#   1us
#  10us
# 100us
#   1ms
#  10ms  ################################################################
# 100ms
#    1s
#  10s+
# Tables
#    SHOW TABLE STATUS LIKE 'posts'\G
#    SHOW CREATE TABLE `posts`\G
# EXPLAIN /*!50100 PARTITIONS*/
SELECT `id`, `user_id`, `body`, `mime`, `created_at` FROM `posts` WHERE `created_at` <= '2016-01-02 11:46:29' ORDER BY `created_at` DESC\G

# Query 7: 165.32 QPS, 0.01x concurrency, ID 0x422390B42D4DD86C7539A5F45EB76A80 at byte 5157978
# Scores: V/M = 0.00
# Time range: 2022-07-17T03:26:34 to 2022-07-17T03:27:39
# Attribute    pct   total     min     max     avg     95%  stddev  median
# ============ === ======= ======= ======= ======= ======= ======= =======
# Count          7   10746
# Exec time      2   780ms    61us   974us    72us   125us    21us    66us
# Lock time     23    12ms       0    17us     1us     1us       0     1us
# Rows sent      0  10.49k       1       1       1       1       0       1
# Rows examine   0  34.35k       0      21    3.27   12.54    4.90       0
# Query size    12 689.28k      62      66   65.68   65.89    1.45   65.89
# String:
# Hosts        localhost
# Users        isuconp
# Query_time distribution
#   1us
#  10us  ################################################################
# 100us  ####
#   1ms  #
#  10ms
# 100ms
#    1s
#  10s+
# Tables
#    SHOW TABLE STATUS LIKE 'comments'\G
#    SHOW CREATE TABLE `comments`\G
# EXPLAIN /*!50100 PARTITIONS*/
SELECT COUNT(*) AS `count` FROM `comments` WHERE `post_id` = 1439\G

# Query 8: 162.42 QPS, 0.01x concurrency, ID 0x624863D30DAC59FA16849282195BE09F at byte 19039394
# Scores: V/M = 0.00
# Time range: 2022-07-17T03:26:34 to 2022-07-17T03:27:39
# Attribute    pct   total     min     max     avg     95%  stddev  median
# ============ === ======= ======= ======= ======= ======= ======= =======
# Count          7   10557
# Exec time      2   731ms    59us   261us    69us    84us    12us    60us
# Lock time     20    11ms       0    20us     1us     1us       0     1us
# Rows sent      0   9.90k       0       3    0.96    2.90    1.35       0
# Rows examine   0   9.90k       0       3    0.96    2.90    1.35       0
# Query size    15 852.50k      79      83   82.69   80.10    0.10   80.10
# String:
# Hosts        localhost
# Users        isuconp
# Query_time distribution
#   1us
#  10us  ################################################################
# 100us  #
#   1ms
#  10ms
# 100ms
#    1s
#  10s+
# Tables
#    SHOW TABLE STATUS LIKE 'comments'\G
#    SHOW CREATE TABLE `comments`\G
# EXPLAIN /*!50100 PARTITIONS*/
SELECT * FROM `comments` WHERE `post_id` = 10022 ORDER BY `created_at` DESC LIMIT 3\G

# Query 9: 1.05 QPS, 0.01x concurrency, ID 0x26489ECBE26887E480CA8067F971EA04 at byte 4740338
# Scores: V/M = 0.03
# Time range: 2022-07-17T03:26:35 to 2022-07-17T03:27:35
# Attribute    pct   total     min     max     avg     95%  stddev  median
# ============ === ======= ======= ======= ======= ======= ======= =======
# Count          0      63
# Exec time      1   537ms     3ms    92ms     9ms     7ms    16ms     4ms
# Lock time      0   122us     1us     3us     1us     2us       0     1us
# Rows sent      0       0       0       0       0       0       0       0
# Rows examine   0       0       0       0       0       0       0       0
# Query size     0  13.29k     216     216     216     216       0     216
# String:
# Hosts        localhost
# Users        isuconp
# Query_time distribution
#   1us
#  10us
# 100us
#   1ms  ################################################################
#  10ms  ####
# 100ms
#    1s
#  10s+
# Tables
#    SHOW TABLE STATUS LIKE 'users'\G
#    SHOW CREATE TABLE `users`\G
INSERT INTO `users` (`account_name`, `passhash`) VALUES ('C2ARFiwxlCM3ufxLZUbiZMfUQ','863025537d50b27154f151f0142ef657480ff17ebef3b41aa47b2fd7832d1bf9fca0fc48a6c77c536fccfa55d336e62dadbb6bf6d1e92f2319a845f0c67baad7')\G
make[1]: Leaving directory '/home/isucon/private_isu/webapp'
