make[1]: Entering directory '/home/isucon/private_isu/webapp'
sudo alp ltsv --file=/var/log/nginx/access.log --sort sum --reverse -o count,method,uri,min,max,sum,avg,p99,1xx,2xx,3xx,4xx,5xx -m "/@\w+,/posts/[0-9]+,/image/[0-9]+.(jpg|png|gif)"
+-------+--------+-----------------------------+-------+-------+---------+-------+-------+-----+------+-------+-----+-----+
| COUNT | METHOD |             URI             |  MIN  |  MAX  |   SUM   |  AVG  |  P99  | 1XX | 2XX  |  3XX  | 4XX | 5XX |
+-------+--------+-----------------------------+-------+-------+---------+-------+-------+-----+------+-------+-----+-----+
|  2343 | GET    | /                           | 0.008 | 0.412 | 265.360 | 0.113 | 0.276 |   0 | 2343 |     0 |   0 |   0 |
|   755 | POST   | /login                      | 0.008 | 0.316 |  85.044 | 0.113 | 0.264 |   0 |    0 |   755 |   0 |   0 |
|   780 | GET    | /posts/[0-9]+               | 0.004 | 0.408 |  81.764 | 0.105 | 0.244 |   0 |  780 |     0 |   0 |   0 |
| 32887 | GET    | /image/[0-9]+.(jpg|png|gif) | 0.000 | 0.763 |  53.768 | 0.002 | 0.084 |   0 | 1084 | 31803 |   0 |   0 |
|   440 | GET    | /posts                      | 0.064 | 0.284 |  50.876 | 0.116 | 0.260 |   0 |  440 |     0 |   0 |   0 |
|   263 | GET    | /login                      | 0.000 | 0.288 |  28.652 | 0.109 | 0.264 |   0 |  263 |     0 |   0 |   0 |
|   163 | GET    | /@\w+                       | 0.020 | 0.220 |  20.204 | 0.124 | 0.216 |   0 |  163 |     0 |   0 |   0 |
|   152 | POST   | /                           | 0.004 | 0.288 |  17.324 | 0.114 | 0.284 |   0 |    0 |    76 |  76 |   0 |
|   131 | GET    | /logout                     | 0.056 | 0.288 |  14.184 | 0.108 | 0.240 |   0 |    0 |   131 |   0 |   0 |
|   106 | POST   | /register                   | 0.012 | 0.292 |  12.436 | 0.117 | 0.276 |   0 |    0 |   106 |   0 |   0 |
|   110 | POST   | /comment                    | 0.004 | 0.320 |  11.436 | 0.104 | 0.272 |   0 |    0 |   110 |   0 |   0 |
|   105 | GET    | /admin/banned               | 0.056 | 0.400 |  10.776 | 0.103 | 0.248 |   0 |    0 |     0 | 105 |   0 |
|     1 | GET    | /initialize                 | 0.032 | 0.032 |   0.032 | 0.032 | 0.032 |   0 |    1 |     0 |   0 |   0 |
|     1 | GET    | /register                   | 0.004 | 0.004 |   0.004 | 0.004 | 0.004 |   0 |    1 |     0 |   0 |   0 |
|  2235 | GET    | /css/style.css              | 0.000 | 0.000 |   0.000 | 0.000 | 0.000 |   0 |    1 |  2234 |   0 |   0 |
|  2235 | GET    | /js/main.js                 | 0.000 | 0.000 |   0.000 | 0.000 | 0.000 |   0 |    1 |  2234 |   0 |   0 |
|  2235 | GET    | /js/timeago.min.js          | 0.000 | 0.000 |   0.000 | 0.000 | 0.000 |   0 |    1 |  2234 |   0 |   0 |
|  2235 | GET    | /favicon.ico                | 0.000 | 0.000 |   0.000 | 0.000 | 0.000 |   0 |    1 |  2234 |   0 |   0 |
+-------+--------+-----------------------------+-------+-------+---------+-------+-------+-----+------+-------+-----+-----+
make[1]: Leaving directory '/home/isucon/private_isu/webapp'
