make[1]: Entering directory '/home/isucon/private_isu/webapp'
sudo alp ltsv --file=/var/log/nginx/access.log --sort sum --reverse -o count,method,uri,min,max,sum,avg,p99,1xx,2xx,3xx,4xx,5xx -m "/@\w+,/posts/[0-9]+,/image/[0-9]+.(jpg|png|gif)"
+-------+--------+-----------------------------+-------+-------+---------+-------+-------+-----+------+-------+-----+-----+
| COUNT | METHOD |             URI             |  MIN  |  MAX  |   SUM   |  AVG  |  P99  | 1XX | 2XX  |  3XX  | 4XX | 5XX |
+-------+--------+-----------------------------+-------+-------+---------+-------+-------+-----+------+-------+-----+-----+
|  1345 | GET    | /                           | 0.024 | 0.464 | 166.384 | 0.124 | 0.344 |   0 | 1345 |     0 |   0 |   0 |
|   752 | GET    | /favicon.ico                | 0.000 | 0.564 |  68.244 | 0.091 | 0.312 |   0 |  752 |     0 |   0 |   0 |
|   752 | GET    | /js/timeago.min.js          | 0.000 | 0.488 |  65.072 | 0.087 | 0.300 |   0 |  752 |     0 |   0 |   0 |
|   628 | POST   | /login                      | 0.008 | 0.364 |  60.948 | 0.097 | 0.308 |   0 |    0 |   628 |   0 |   0 |
|   752 | GET    | /js/main.js                 | 0.000 | 0.564 |  60.688 | 0.081 | 0.284 |   0 |  752 |     0 |   0 |   0 |
|   752 | GET    | /css/style.css              | 0.000 | 0.404 |  60.140 | 0.080 | 0.308 |   0 |  752 |     0 |   0 |   0 |
|   400 | GET    | /posts/[0-9]+               | 0.004 | 0.576 |  35.624 | 0.089 | 0.300 |   0 |  400 |     0 |   0 |   0 |
| 11100 | GET    | /image/[0-9]+.(jpg|png|gif) | 0.000 | 0.384 |  28.292 | 0.003 | 0.120 |   0 |  494 | 10606 |   0 |   0 |
|   172 | GET    | /posts                      | 0.036 | 0.488 |  20.696 | 0.120 | 0.404 |   0 |  172 |     0 |   0 |   0 |
|   169 | POST   | /                           | 0.000 | 0.812 |  18.540 | 0.110 | 0.368 |   0 |    0 |    85 |  84 |   0 |
|   138 | GET    | /@\w+                       | 0.040 | 0.356 |  17.120 | 0.124 | 0.328 |   0 |  138 |     0 |   0 |   0 |
|   150 | GET    | /login                      | 0.004 | 0.364 |  14.364 | 0.096 | 0.288 |   0 |  150 |     0 |   0 |   0 |
|   117 | POST   | /comment                    | 0.008 | 0.340 |  12.192 | 0.104 | 0.320 |   0 |    0 |   117 |   0 |   0 |
|   118 | POST   | /register                   | 0.012 | 0.316 |  10.384 | 0.088 | 0.308 |   0 |    0 |   118 |   0 |   0 |
|   118 | GET    | /admin/banned               | 0.004 | 0.552 |   9.492 | 0.080 | 0.256 |   0 |    0 |     0 | 118 |   0 |
|    75 | GET    | /logout                     | 0.016 | 0.320 |   7.180 | 0.096 | 0.320 |   0 |    0 |    75 |   0 |   0 |
|     1 | GET    | /initialize                 | 0.048 | 0.048 |   0.048 | 0.048 | 0.048 |   0 |    1 |     0 |   0 |   0 |
|     1 | GET    | /.env                       | 0.016 | 0.016 |   0.016 | 0.016 | 0.016 |   0 |    0 |     0 |   1 |   0 |
+-------+--------+-----------------------------+-------+-------+---------+-------+-------+-----+------+-------+-----+-----+
make[1]: Leaving directory '/home/isucon/private_isu/webapp'
