make[1]: Entering directory '/home/isucon/private_isu/webapp'
sudo alp ltsv --file=/var/log/nginx/access.log --sort sum --reverse -o count,method,uri,min,max,sum,avg,p99,1xx,2xx,3xx,4xx,5xx -m "/@\w+,/posts/[0-9]+,/image/[0-9]+.(jpg|png)"
+-------+--------+-------------------------+-------+-------+---------+-------+-------+-----+------+------+-----+-----+
| COUNT | METHOD |           URI           |  MIN  |  MAX  |   SUM   |  AVG  |  P99  | 1XX | 2XX  | 3XX  | 4XX | 5XX |
+-------+--------+-------------------------+-------+-------+---------+-------+-------+-----+------+------+-----+-----+
|  1178 | GET    | /                       | 0.024 | 0.912 | 153.844 | 0.131 | 0.456 |   0 | 1178 |    0 |   0 |   0 |
|  8667 | GET    | /image/[0-9]+.(jpg|png) | 0.000 | 0.832 | 148.500 | 0.017 | 0.248 |   0 | 1987 | 6680 |   0 |   0 |
|   625 | POST   | /login                  | 0.008 | 0.624 |  60.252 | 0.096 | 0.328 |   0 |    0 |  625 |   0 |   0 |
|   537 | GET    | /favicon.ico            | 0.004 | 0.408 |  48.040 | 0.089 | 0.324 |   0 |  537 |    0 |   0 |   0 |
|   537 | GET    | /js/timeago.min.js      | 0.004 | 0.432 |  45.968 | 0.086 | 0.308 |   0 |  537 |    0 |   0 |   0 |
|   537 | GET    | /css/style.css          | 0.004 | 0.532 |  39.132 | 0.073 | 0.256 |   0 |  537 |    0 |   0 |   0 |
|   537 | GET    | /js/main.js             | 0.000 | 0.252 |  38.708 | 0.072 | 0.240 |   0 |  537 |    0 |   0 |   0 |
|   380 | GET    | /posts/[0-9]+           | 0.004 | 0.832 |  31.000 | 0.082 | 0.328 |   0 |  380 |    0 |   0 |   0 |
|   140 | GET    | /@\w+                   | 0.036 | 0.472 |  17.648 | 0.126 | 0.348 |   0 |  140 |    0 |   0 |   0 |
|   174 | POST   | /                       | 0.004 | 0.420 |  16.508 | 0.095 | 0.348 |   0 |    0 |   87 |  87 |   0 |
|   138 | GET    | /login                  | 0.004 | 0.824 |  12.828 | 0.093 | 0.332 |   0 |  138 |    0 |   0 |   0 |
|   122 | POST   | /register               | 0.012 | 0.532 |  11.768 | 0.096 | 0.480 |   0 |    0 |  122 |   0 |   0 |
|   122 | POST   | /comment                | 0.004 | 0.424 |  10.756 | 0.088 | 0.340 |   0 |    0 |  122 |   0 |   0 |
|    64 | GET    | /posts                  | 0.072 | 0.368 |  10.280 | 0.161 | 0.368 |   0 |   64 |    0 |   0 |   0 |
|   122 | GET    | /admin/banned           | 0.012 | 0.344 |   8.548 | 0.070 | 0.320 |   0 |    0 |    0 | 122 |   0 |
|    69 | GET    | /logout                 | 0.016 | 0.256 |   6.096 | 0.088 | 0.256 |   0 |    0 |   69 |   0 |   0 |
|     2 | GET    | /image/5908.gif         | 0.052 | 0.332 |   0.384 | 0.192 | 0.332 |   0 |    2 |    0 |   0 |   0 |
|     2 | GET    | /image/793.gif          | 0.048 | 0.292 |   0.340 | 0.170 | 0.292 |   0 |    2 |    0 |   0 |   0 |
|     1 | GET    | /initialize             | 0.152 | 0.152 |   0.152 | 0.152 | 0.152 |   0 |    1 |    0 |   0 |   0 |
+-------+--------+-------------------------+-------+-------+---------+-------+-------+-----+------+------+-----+-----+
make[1]: Leaving directory '/home/isucon/private_isu/webapp'
