make[1]: Entering directory '/home/isucon/private_isu/webapp'
sudo alp ltsv --file=/var/log/nginx/access.log --sort sum --reverse -o count,method,uri,min,max,sum,avg,p99,1xx,2xx,3xx,4xx,5xx -m "/@\w+,/posts/[0-9]+,/image/[0-9]+.(jpg|png|gif)"
+-------+--------+-----------------------------+-------+-------+---------+-------+-------+-----+------+-------+-----+-----+
| COUNT | METHOD |             URI             |  MIN  |  MAX  |   SUM   |  AVG  |  P99  | 1XX | 2XX  |  3XX  | 4XX | 5XX |
+-------+--------+-----------------------------+-------+-------+---------+-------+-------+-----+------+-------+-----+-----+
|  4486 | GET    | /                           | 0.004 | 0.180 | 251.144 | 0.056 | 0.108 |   0 | 4486 |     0 |   0 |   0 |
|  1867 | GET    | /posts/[0-9]+               | 0.004 | 0.176 | 103.784 | 0.056 | 0.108 |   0 | 1867 |     0 |   0 |   0 |
|  1475 | POST   | /login                      | 0.008 | 0.172 |  86.816 | 0.059 | 0.108 |   0 |    0 |  1475 |   0 |   0 |
|   924 | GET    | /posts                      | 0.028 | 0.124 |  52.904 | 0.057 | 0.104 |   0 |  924 |     0 |   0 |   0 |
|   514 | GET    | /login                      | 0.004 | 0.128 |  27.308 | 0.053 | 0.104 |   0 |  514 |     0 |   0 |   0 |
| 68889 | GET    | /image/[0-9]+.(jpg|png|gif) | 0.000 | 0.172 |  21.872 | 0.000 | 0.000 |   0 | 1895 | 66994 |   0 |   0 |
|   353 | GET    | /@\w+                       | 0.004 | 0.136 |  20.588 | 0.058 | 0.108 |   0 |  353 |     0 |   0 |   0 |
|   294 | POST   | /                           | 0.012 | 0.140 |  19.912 | 0.068 | 0.116 |   0 |    0 |   147 | 147 |   0 |
|   205 | POST   | /register                   | 0.016 | 0.120 |  13.788 | 0.067 | 0.112 |   0 |    0 |   205 |   0 |   0 |
|   257 | GET    | /logout                     | 0.024 | 0.104 |  13.136 | 0.051 | 0.096 |   0 |    0 |   257 |   0 |   0 |
|   205 | POST   | /comment                    | 0.004 | 0.184 |  12.460 | 0.061 | 0.128 |   0 |    0 |   205 |   0 |   0 |
|   205 | GET    | /admin/banned               | 0.024 | 0.132 |  10.304 | 0.050 | 0.108 |   0 |    0 |     0 | 205 |   0 |
|     1 | GET    | /initialize                 | 0.028 | 0.028 |   0.028 | 0.028 | 0.028 |   0 |    1 |     0 |   0 |   0 |
|  4951 | GET    | /js/timeago.min.js          | 0.000 | 0.000 |   0.000 | 0.000 | 0.000 |   0 |    1 |  4950 |   0 |   0 |
|  4951 | GET    | /js/main.js                 | 0.000 | 0.000 |   0.000 | 0.000 | 0.000 |   0 |    1 |  4950 |   0 |   0 |
|  4951 | GET    | /css/style.css              | 0.000 | 0.000 |   0.000 | 0.000 | 0.000 |   0 |    1 |  4950 |   0 |   0 |
|  4951 | GET    | /favicon.ico                | 0.000 | 0.000 |   0.000 | 0.000 | 0.000 |   0 |    1 |  4950 |   0 |   0 |
+-------+--------+-----------------------------+-------+-------+---------+-------+-------+-----+------+-------+-----+-----+
make[1]: Leaving directory '/home/isucon/private_isu/webapp'
