make[1]: Entering directory '/home/isucon/private_isu/webapp'
sudo alp ltsv --file=/var/log/nginx/access.log --sort sum --reverse -o count,method,uri,min,max,sum,avg,p99,1xx,2xx,3xx,4xx,5xx -m "/@\w+,/posts/[0-9]+,/image/[0-9]+.(jpg|png|gif)"
+-------+--------+-----------------------------+-------+-------+---------+-------+-------+-----+------+-------+-----+-----+
| COUNT | METHOD |             URI             |  MIN  |  MAX  |   SUM   |  AVG  |  P99  | 1XX | 2XX  |  3XX  | 4XX | 5XX |
+-------+--------+-----------------------------+-------+-------+---------+-------+-------+-----+------+-------+-----+-----+
|  4341 | GET    | /                           | 0.004 | 0.224 | 251.570 | 0.058 | 0.148 |   0 | 4341 |     0 |   0 |   0 |
|  1632 | GET    | /posts/[0-9]+               | 0.000 | 0.204 |  91.749 | 0.056 | 0.112 |   0 | 1632 |     0 |   0 |   0 |
|  1423 | POST   | /login                      | 0.008 | 0.212 |  86.864 | 0.061 | 0.124 |   0 |    0 |  1423 |   0 |   0 |
|   891 | GET    | /posts                      | 0.020 | 0.196 |  52.350 | 0.059 | 0.108 |   0 |  891 |     0 |   0 |   0 |
| 66119 | GET    | /image/[0-9]+.(jpg|png|gif) | 0.000 | 0.224 |  33.985 | 0.001 | 0.000 |   0 | 1933 | 64186 |   0 |   0 |
|   496 | GET    | /login                      | 0.004 | 0.228 |  27.896 | 0.056 | 0.132 |   0 |  496 |     0 |   0 |   0 |
|   326 | GET    | /@\w+                       | 0.008 | 0.168 |  21.432 | 0.066 | 0.140 |   0 |  326 |     0 |   0 |   0 |
|   282 | POST   | /                           | 0.008 | 0.204 |  19.533 | 0.069 | 0.124 |   0 |    0 |   141 | 141 |   0 |
|   248 | GET    | /logout                     | 0.024 | 0.172 |  13.716 | 0.055 | 0.108 |   0 |    0 |   248 |   0 |   0 |
|   199 | POST   | /register                   | 0.012 | 0.192 |  13.312 | 0.067 | 0.156 |   0 |    0 |   199 |   0 |   0 |
|   198 | POST   | /comment                    | 0.008 | 0.172 |  12.060 | 0.061 | 0.156 |   0 |    0 |   198 |   0 |   0 |
|   199 | GET    | /admin/banned               | 0.004 | 0.160 |  10.332 | 0.052 | 0.156 |   0 |    0 |     0 | 199 |   0 |
|     1 | GET    | /initialize                 | 0.048 | 0.048 |   0.048 | 0.048 | 0.048 |   0 |    1 |     0 |   0 |   0 |
|  4593 | GET    | /js/timeago.min.js          | 0.000 | 0.000 |   0.000 | 0.000 | 0.000 |   0 |    1 |  4592 |   0 |   0 |
|  4593 | GET    | /js/main.js                 | 0.000 | 0.000 |   0.000 | 0.000 | 0.000 |   0 |    1 |  4592 |   0 |   0 |
|  4593 | GET    | /css/style.css              | 0.000 | 0.000 |   0.000 | 0.000 | 0.000 |   0 |    1 |  4592 |   0 |   0 |
|  4593 | GET    | /favicon.ico                | 0.000 | 0.000 |   0.000 | 0.000 | 0.000 |   0 |    1 |  4592 |   0 |   0 |
+-------+--------+-----------------------------+-------+-------+---------+-------+-------+-----+------+-------+-----+-----+
make[1]: Leaving directory '/home/isucon/private_isu/webapp'
