make[1]: Entering directory '/home/isucon/private_isu/webapp'
sudo alp ltsv --file=/var/log/nginx/access.log --sort sum --reverse -o count,method,uri,min,max,sum,avg,p99,1xx,2xx,3xx,4xx,5xx -m "/@\w+,/posts/[0-9]+,/image/[0-9]+.(jpg|png)"
+-------+--------+-------------------------+-------+-------+---------+-------+-------+-----+-----+-----+-----+-----+
| COUNT | METHOD |           URI           |  MIN  |  MAX  |   SUM   |  AVG  |  P99  | 1XX | 2XX | 3XX | 4XX | 5XX |
+-------+--------+-------------------------+-------+-------+---------+-------+-------+-----+-----+-----+-----+-----+
|   300 | GET    | /image/[0-9]+.(jpg|png) | 0.004 | 5.756 | 297.228 | 0.991 | 5.672 |   0 | 300 |   0 |   0 |   0 |
|    50 | GET    | /                       | 1.260 | 9.352 | 145.264 | 2.905 | 9.352 |   0 |  45 |   0 |   5 |   0 |
|    19 | GET    | /favicon.ico            | 0.008 | 7.988 |  61.196 | 3.221 | 7.988 |   0 |  19 |   0 |   0 |   0 |
|    44 | POST   | /login                  | 0.008 | 6.636 |  52.928 | 1.203 | 6.636 |   0 |   0 |  44 |   0 |   0 |
|    19 | GET    | /js/timeago.min.js      | 0.004 | 5.752 |  37.552 | 1.976 | 5.752 |   0 |  19 |   0 |   0 |   0 |
|    12 | GET    | /@\w+                   | 0.476 | 3.504 |  25.576 | 2.131 | 3.504 |   0 |  12 |   0 |   0 |   0 |
|    19 | GET    | /css/style.css          | 0.004 | 3.000 |  24.292 | 1.279 | 3.000 |   0 |  19 |   0 |   0 |   0 |
|    19 | GET    | /js/main.js             | 0.008 | 2.892 |  22.192 | 1.168 | 2.892 |   0 |  19 |   0 |   0 |   0 |
|    18 | GET    | /posts/[0-9]+           | 0.064 | 3.160 |  14.416 | 0.801 | 3.160 |   0 |  18 |   0 |   0 |   0 |
|    12 | POST   | /                       | 0.004 | 4.312 |  11.168 | 0.931 | 4.312 |   0 |   0 |   6 |   6 |   0 |
|     7 | POST   | /register               | 0.012 | 5.256 |  10.116 | 1.445 | 5.256 |   0 |   0 |   7 |   0 |   0 |
|     8 | GET    | /admin/banned           | 0.000 | 2.128 |   7.512 | 0.939 | 2.128 |   0 |   0 |   0 |   8 |   0 |
|    10 | GET    | /login                  | 0.000 | 2.816 |   7.332 | 0.733 | 2.816 |   0 |  10 |   0 |   0 |   0 |
|     2 | GET    | /posts                  | 2.900 | 3.464 |   6.364 | 3.182 | 3.464 |   0 |   2 |   0 |   0 |   0 |
|     8 | POST   | /comment                | 0.004 | 4.240 |   6.324 | 0.790 | 4.240 |   0 |   0 |   8 |   0 |   0 |
|     3 | GET    | /logout                 | 0.008 | 4.252 |   4.260 | 1.420 | 4.252 |   0 |   0 |   3 |   0 |   0 |
|     2 | GET    | /initialize             | 0.036 | 0.048 |   0.084 | 0.042 | 0.048 |   0 |   2 |   0 |   0 |   0 |
+-------+--------+-------------------------+-------+-------+---------+-------+-------+-----+-----+-----+-----+-----+
make[1]: Leaving directory '/home/isucon/private_isu/webapp'
