make[1]: Entering directory '/home/isucon/private_isu/webapp'
sudo alp ltsv --file=/var/log/nginx/access.log --sort sum --reverse -o count,method,uri,min,max,sum,avg,p99,1xx,2xx,3xx,4xx,5xx -m "/@\w+,/posts/[0-9]+,/image/[0-9]+.(jpg|png|gif)"
+-------+--------+-----------------------------+-------+-------+---------+-------+-------+-----+------+-------+-----+-----+
| COUNT | METHOD |             URI             |  MIN  |  MAX  |   SUM   |  AVG  |  P99  | 1XX | 2XX  |  3XX  | 4XX | 5XX |
+-------+--------+-----------------------------+-------+-------+---------+-------+-------+-----+------+-------+-----+-----+
|  5561 | GET    | /                           | 0.004 | 0.172 | 212.350 | 0.038 | 0.072 |   0 | 5561 |     0 |   0 |   0 |
|  1694 | POST   | /login                      | 0.004 | 0.204 | 122.050 | 0.072 | 0.132 |   0 |    0 |  1694 |   0 |   0 |
|  2812 | GET    | /posts/[0-9]+               | 0.000 | 0.160 |  92.169 | 0.033 | 0.060 |   0 | 2812 |     0 |   0 |   0 |
|  1149 | GET    | /posts                      | 0.016 | 0.100 |  53.792 | 0.047 | 0.084 |   0 | 1149 |     0 |   0 |   0 |
|   489 | GET    | /@\w+                       | 0.008 | 0.164 |  21.660 | 0.044 | 0.076 |   0 |  489 |     0 |   0 |   0 |
|   214 | POST   | /register                   | 0.012 | 0.144 |  18.272 | 0.085 | 0.140 |   0 |    0 |   214 |   0 |   0 |
|   622 | GET    | /login                      | 0.004 | 0.152 |  18.216 | 0.029 | 0.052 |   0 |  622 |     0 |   0 |   0 |
| 89343 | GET    | /image/[0-9]+.(jpg|png|gif) | 0.000 | 0.164 |  16.713 | 0.000 | 0.000 |   0 | 2898 | 86445 |   0 |   0 |
|   302 | POST   | /                           | 0.004 | 0.340 |  16.316 | 0.054 | 0.100 |   0 |    0 |   151 | 151 |   0 |
|   245 | POST   | /comment                    | 0.004 | 0.188 |   9.236 | 0.038 | 0.088 |   0 |    0 |   245 |   0 |   0 |
|   311 | GET    | /logout                     | 0.004 | 0.056 |   9.172 | 0.029 | 0.048 |   0 |    0 |   311 |   0 |   0 |
|   214 | GET    | /admin/banned               | 0.004 | 0.052 |   6.152 | 0.029 | 0.052 |   0 |    0 |     0 | 214 |   0 |
|     1 | GET    | /initialize                 | 0.240 | 0.240 |   0.240 | 0.240 | 0.240 |   0 |    1 |     0 |   0 |   0 |
|  6881 | GET    | /js/timeago.min.js          | 0.000 | 0.000 |   0.000 | 0.000 | 0.000 |   0 |    1 |  6880 |   0 |   0 |
|  6881 | GET    | /js/main.js                 | 0.000 | 0.000 |   0.000 | 0.000 | 0.000 |   0 |    1 |  6880 |   0 |   0 |
|  6881 | GET    | /css/style.css              | 0.000 | 0.000 |   0.000 | 0.000 | 0.000 |   0 |    1 |  6880 |   0 |   0 |
|  6881 | GET    | /favicon.ico                | 0.000 | 0.000 |   0.000 | 0.000 | 0.000 |   0 |    1 |  6880 |   0 |   0 |
+-------+--------+-----------------------------+-------+-------+---------+-------+-------+-----+------+-------+-----+-----+
make[1]: Leaving directory '/home/isucon/private_isu/webapp'
