make[1]: Entering directory '/home/isucon/private_isu/webapp'
sudo alp ltsv --file=/var/log/nginx/access.log --sort sum --reverse -o count,method,uri,min,max,sum,avg,p99,1xx,2xx,3xx,4xx,5xx -m "/@\w+,/posts/[0-9]+,/image/[0-9]+.(jpg|png|gif)"
+-------+--------+-----------------------------+-------+-------+---------+-------+-------+-----+------+-------+-----+-----+
| COUNT | METHOD |             URI             |  MIN  |  MAX  |   SUM   |  AVG  |  P99  | 1XX | 2XX  |  3XX  | 4XX | 5XX |
+-------+--------+-----------------------------+-------+-------+---------+-------+-------+-----+------+-------+-----+-----+
|  5719 | GET    | /                           | 0.004 | 0.204 | 208.392 | 0.036 | 0.068 |   0 | 5719 |     0 |   0 |   0 |
|  1739 | POST   | /login                      | 0.008 | 0.180 | 123.452 | 0.071 | 0.136 |   0 |    0 |  1739 |   0 |   0 |
|  3008 | GET    | /posts/[0-9]+               | 0.004 | 0.076 |  93.392 | 0.031 | 0.056 |   0 | 3008 |     0 |   0 |   0 |
|  1174 | GET    | /posts                      | 0.012 | 0.124 |  53.800 | 0.046 | 0.084 |   0 | 1174 |     0 |   0 |   0 |
|   502 | GET    | /@\w+                       | 0.004 | 0.132 |  21.588 | 0.043 | 0.076 |   0 |  502 |     0 |   0 |   0 |
|   216 | POST   | /register                   | 0.012 | 0.140 |  18.460 | 0.085 | 0.132 |   0 |    0 |   216 |   0 |   0 |
|   640 | GET    | /login                      | 0.000 | 0.056 |  18.260 | 0.029 | 0.048 |   0 |  640 |     0 |   0 |   0 |
|   308 | POST   | /                           | 0.004 | 0.104 |  16.464 | 0.053 | 0.096 |   0 |    0 |   154 | 154 |   0 |
| 92273 | GET    | /image/[0-9]+.(jpg|png|gif) | 0.000 | 0.164 |  14.184 | 0.000 | 0.000 |   0 | 2840 | 89433 |   0 |   0 |
|   255 | POST   | /comment                    | 0.004 | 0.064 |   9.204 | 0.036 | 0.060 |   0 |    0 |   255 |   0 |   0 |
|   320 | GET    | /logout                     | 0.004 | 0.052 |   9.072 | 0.028 | 0.048 |   0 |    0 |   320 |   0 |   0 |
|   216 | GET    | /admin/banned               | 0.004 | 0.060 |   5.896 | 0.027 | 0.052 |   0 |    0 |     0 | 216 |   0 |
|     1 | GET    | /initialize                 | 0.036 | 0.036 |   0.036 | 0.036 | 0.036 |   0 |    1 |     0 |   0 |   0 |
|  7195 | GET    | /js/timeago.min.js          | 0.000 | 0.000 |   0.000 | 0.000 | 0.000 |   0 |    1 |  7194 |   0 |   0 |
|  7195 | GET    | /js/main.js                 | 0.000 | 0.000 |   0.000 | 0.000 | 0.000 |   0 |    1 |  7194 |   0 |   0 |
|  7195 | GET    | /css/style.css              | 0.000 | 0.000 |   0.000 | 0.000 | 0.000 |   0 |    1 |  7194 |   0 |   0 |
|  7195 | GET    | /favicon.ico                | 0.000 | 0.000 |   0.000 | 0.000 | 0.000 |   0 |    1 |  7194 |   0 |   0 |
+-------+--------+-----------------------------+-------+-------+---------+-------+-------+-----+------+-------+-----+-----+
make[1]: Leaving directory '/home/isucon/private_isu/webapp'
