make[1]: Entering directory '/home/isucon/private_isu/webapp'
sudo alp ltsv --file=/var/log/nginx/access.log --sort sum --reverse -o count,method,uri,min,max,sum,avg,p99,1xx,2xx,3xx,4xx,5xx -m "/@\w+,/posts/[0-9]+,/image/[0-9]+.(jpg|png|gif)"
+-------+--------+-----------------------------+-------+-------+---------+-------+-------+-----+------+-------+-----+-----+
| COUNT | METHOD |             URI             |  MIN  |  MAX  |   SUM   |  AVG  |  P99  | 1XX | 2XX  |  3XX  | 4XX | 5XX |
+-------+--------+-----------------------------+-------+-------+---------+-------+-------+-----+------+-------+-----+-----+
|  1703 | GET    | /                           | 0.012 | 0.352 | 146.968 | 0.086 | 0.256 |   0 | 1703 |     0 |   0 |   0 |
|  1005 | GET    | /favicon.ico                | 0.000 | 0.276 |  72.524 | 0.072 | 0.208 |   0 | 1005 |     0 |   0 |   0 |
|  1005 | GET    | /css/style.css              | 0.000 | 0.344 |  66.588 | 0.066 | 0.236 |   0 | 1005 |     0 |   0 |   0 |
|   831 | POST   | /login                      | 0.008 | 0.352 |  66.220 | 0.080 | 0.256 |   0 |    0 |   831 |   0 |   0 |
|  1005 | GET    | /js/timeago.min.js          | 0.000 | 0.284 |  65.484 | 0.065 | 0.196 |   0 | 1005 |     0 |   0 |   0 |
|  1005 | GET    | /js/main.js                 | 0.000 | 0.352 |  64.644 | 0.064 | 0.220 |   0 | 1005 |     0 |   0 |   0 |
|   522 | GET    | /posts/[0-9]+               | 0.000 | 0.276 |  34.816 | 0.067 | 0.220 |   0 |  522 |     0 |   0 |   0 |
| 15073 | GET    | /image/[0-9]+.(jpg|png|gif) | 0.000 | 0.344 |  26.880 | 0.002 | 0.068 |   0 |  611 | 14462 |   0 |   0 |
|   236 | GET    | /posts                      | 0.028 | 0.344 |  21.308 | 0.090 | 0.276 |   0 |  236 |     0 |   0 |   0 |
|   222 | POST   | /                           | 0.008 | 0.304 |  17.904 | 0.081 | 0.268 |   0 |    0 |   111 | 111 |   0 |
|   182 | GET    | /@\w+                       | 0.028 | 0.312 |  17.796 | 0.098 | 0.284 |   0 |  182 |     0 |   0 |   0 |
|   198 | GET    | /login                      | 0.012 | 0.344 |  15.472 | 0.078 | 0.340 |   0 |  198 |     0 |   0 |   0 |
|   156 | POST   | /register                   | 0.016 | 0.280 |  12.556 | 0.080 | 0.240 |   0 |    0 |   156 |   0 |   0 |
|   156 | POST   | /comment                    | 0.004 | 0.236 |  10.980 | 0.070 | 0.212 |   0 |    0 |   156 |   0 |   0 |
|   156 | GET    | /admin/banned               | 0.012 | 0.268 |   8.888 | 0.057 | 0.224 |   0 |    0 |     0 | 156 |   0 |
|    99 | GET    | /logout                     | 0.016 | 0.312 |   7.500 | 0.076 | 0.312 |   0 |    0 |    99 |   0 |   0 |
|     1 | GET    | /initialize                 | 0.036 | 0.036 |   0.036 | 0.036 | 0.036 |   0 |    1 |     0 |   0 |   0 |
+-------+--------+-----------------------------+-------+-------+---------+-------+-------+-----+------+-------+-----+-----+
make[1]: Leaving directory '/home/isucon/private_isu/webapp'
