make[1]: Entering directory '/home/isucon/private_isu/webapp'
sudo alp ltsv --file=/var/log/nginx/access.log --sort sum --reverse -o count,method,uri,min,max,sum,avg,p99,1xx,2xx,3xx,4xx,5xx -m "/@\w+,/posts/[0-9]+,/image/[0-9]+.(jpg|png)"
+-------+--------+-------------------------+-------+-------+---------+-------+-------+-----+------+-----+-----+-----+
| COUNT | METHOD |           URI           |  MIN  |  MAX  |   SUM   |  AVG  |  P99  | 1XX | 2XX  | 3XX | 4XX | 5XX |
+-------+--------+-------------------------+-------+-------+---------+-------+-------+-----+------+-----+-----+-----+
|  2063 | GET    | /image/[0-9]+.(jpg|png) | 0.004 | 0.624 | 332.338 | 0.161 | 0.528 |   0 | 2063 |   0 |   0 |   0 |
|   350 | GET    | /                       | 0.064 | 0.596 |  76.647 | 0.219 | 0.524 |   0 |  350 |   0 |   0 |   0 |
|   253 | POST   | /login                  | 0.008 | 0.596 |  40.960 | 0.162 | 0.540 |   0 |    0 | 253 |   0 |   0 |
|   199 | GET    | /posts/[0-9]+           | 0.004 | 0.572 |  32.327 | 0.162 | 0.515 |   0 |  199 |   0 |   0 |   0 |
|   175 | GET    | /favicon.ico            | 0.000 | 0.424 |  28.392 | 0.162 | 0.412 |   0 |  175 |   0 |   0 |   0 |
|   175 | GET    | /js/timeago.min.js      | 0.000 | 0.452 |  26.428 | 0.151 | 0.436 |   0 |  175 |   0 |   0 |   0 |
|   175 | GET    | /css/style.css          | 0.000 | 0.531 |  24.723 | 0.141 | 0.528 |   0 |  175 |   0 |   0 |   0 |
|   175 | GET    | /js/main.js             | 0.000 | 0.592 |  24.396 | 0.139 | 0.452 |   0 |  175 |   0 |   0 |   0 |
|    82 | POST   | /                       | 0.024 | 0.536 |  17.136 | 0.209 | 0.536 |   0 |    0 |  41 |  41 |   0 |
|    66 | POST   | /register               | 0.012 | 0.536 |  14.108 | 0.214 | 0.536 |   0 |    0 |  66 |   0 |   0 |
|    79 | GET    | /@\w+                   | 0.036 | 0.424 |  13.660 | 0.173 | 0.424 |   0 |   79 |   0 |   0 |   0 |
|    66 | POST   | /comment                | 0.008 | 0.572 |  11.640 | 0.176 | 0.572 |   0 |    0 |  66 |   0 |   0 |
|    66 | GET    | /admin/banned           | 0.016 | 0.475 |   7.787 | 0.118 | 0.475 |   0 |    0 |   0 |  66 |   0 |
|    20 | GET    | /posts                  | 0.176 | 0.512 |   6.119 | 0.306 | 0.512 |   0 |   20 |   0 |   0 |   0 |
|    26 | GET    | /login                  | 0.004 | 0.368 |   4.396 | 0.169 | 0.368 |   0 |   26 |   0 |   0 |   0 |
|    13 | GET    | /logout                 | 0.028 | 0.312 |   1.680 | 0.129 | 0.312 |   0 |    0 |  13 |   0 |   0 |
|     1 | GET    | /initialize             | 0.056 | 0.056 |   0.056 | 0.056 | 0.056 |   0 |    1 |   0 |   0 |   0 |
+-------+--------+-------------------------+-------+-------+---------+-------+-------+-----+------+-----+-----+-----+
make[1]: Leaving directory '/home/isucon/private_isu/webapp'
