make[1]: Entering directory '/home/isucon/private_isu/webapp'
sudo alp ltsv --file=/var/log/nginx/access.log --sort sum --reverse -o count,method,uri,min,max,sum,avg,p99,1xx,2xx,3xx,4xx,5xx -m "/@\w+,/posts/[0-9]+,/image/[0-9]+.(jpg|png)"
+-------+--------+-------------------------+-------+-------+---------+-------+-------+-----+------+------+-----+-----+
| COUNT | METHOD |           URI           |  MIN  |  MAX  |   SUM   |  AVG  |  P99  | 1XX | 2XX  | 3XX  | 4XX | 5XX |
+-------+--------+-------------------------+-------+-------+---------+-------+-------+-----+------+------+-----+-----+
|  4637 | GET    | /image/[0-9]+.(jpg|png) | 0.004 | 0.580 | 209.584 | 0.045 | 0.428 |   0 | 1279 | 3358 |   0 |   0 |
|   500 | GET    | /                       | 0.064 | 0.592 | 112.648 | 0.225 | 0.540 |   0 |  500 |    0 |   0 |   0 |
|   351 | POST   | /login                  | 0.004 | 0.480 |  53.450 | 0.152 | 0.464 |   0 |    0 |  351 |   0 |   0 |
|   299 | GET    | /favicon.ico            | 0.000 | 0.516 |  48.100 | 0.161 | 0.456 |   0 |  299 |    0 |   0 |   0 |
|   299 | GET    | /css/style.css          | 0.000 | 0.536 |  43.684 | 0.146 | 0.452 |   0 |  299 |    0 |   0 |   0 |
|   299 | GET    | /js/main.js             | 0.000 | 0.536 |  42.088 | 0.141 | 0.480 |   0 |  299 |    0 |   0 |   0 |
|   299 | GET    | /js/timeago.min.js      | 0.000 | 0.516 |  41.980 | 0.140 | 0.352 |   0 |  299 |    0 |   0 |   0 |
|   216 | GET    | /posts/[0-9]+           | 0.004 | 0.484 |  33.688 | 0.156 | 0.460 |   0 |  216 |    0 |   0 |   0 |
|    83 | GET    | /@\w+                   | 0.040 | 0.512 |  17.540 | 0.211 | 0.512 |   0 |   83 |    0 |   0 |   0 |
|   100 | POST   | /                       | 0.012 | 0.508 |  16.712 | 0.167 | 0.484 |   0 |    0 |   50 |  50 |   0 |
|    74 | GET    | /login                  | 0.004 | 0.360 |  10.144 | 0.137 | 0.360 |   0 |   74 |    0 |   0 |   0 |
|    70 | POST   | /register               | 0.016 | 0.484 |   9.592 | 0.137 | 0.484 |   0 |    0 |   70 |   0 |   0 |
|    70 | POST   | /comment                | 0.008 | 0.428 |   9.436 | 0.135 | 0.428 |   0 |    0 |   70 |   0 |   0 |
|    70 | GET    | /admin/banned           | 0.016 | 0.440 |   8.503 | 0.121 | 0.440 |   0 |    0 |    0 |  70 |   0 |
|    28 | GET    | /posts                  | 0.088 | 0.536 |   7.388 | 0.264 | 0.536 |   0 |   28 |    0 |   0 |   0 |
|    37 | GET    | /logout                 | 0.012 | 0.512 |   6.660 | 0.180 | 0.512 |   0 |    0 |   37 |   0 |   0 |
|     2 | GET    | /image/5919.gif         | 0.244 | 0.512 |   0.756 | 0.378 | 0.512 |   0 |    2 |    0 |   0 |   0 |
|     2 | GET    | /image/6184.gif         | 0.336 | 0.360 |   0.696 | 0.348 | 0.360 |   0 |    2 |    0 |   0 |   0 |
|     2 | GET    | /image/5638.gif         | 0.200 | 0.212 |   0.412 | 0.206 | 0.212 |   0 |    2 |    0 |   0 |   0 |
|     2 | GET    | /image/6227.gif         | 0.000 | 0.196 |   0.196 | 0.098 | 0.196 |   0 |    2 |    0 |   0 |   0 |
|     1 | GET    | /initialize             | 0.040 | 0.040 |   0.040 | 0.040 | 0.040 |   0 |    1 |    0 |   0 |   0 |
+-------+--------+-------------------------+-------+-------+---------+-------+-------+-----+------+------+-----+-----+
make[1]: Leaving directory '/home/isucon/private_isu/webapp'
