make[1]: Entering directory '/home/isucon/private_isu/webapp'
sudo alp ltsv --file=/var/log/nginx/access.log --sort sum --reverse -o count,method,uri,min,max,sum,avg,p99,1xx,2xx,3xx,4xx,5xx -m "/@\w+,/posts/[0-9]+,/image/[0-9]+.(jpg|png|gif)"
+-------+--------+-----------------------------+-------+-------+---------+-------+-------+-----+-----+-------+-----+-----+
| COUNT | METHOD |             URI             |  MIN  |  MAX  |   SUM   |  AVG  |  P99  | 1XX | 2XX |  3XX  | 4XX | 5XX |
+-------+--------+-----------------------------+-------+-------+---------+-------+-------+-----+-----+-------+-----+-----+
|   816 | GET    | /                           | 0.016 | 0.672 | 149.788 | 0.184 | 0.456 |   0 | 816 |     0 |   0 |   0 |
|   340 | GET    | /posts                      | 0.096 | 0.676 |  78.644 | 0.231 | 0.604 |   0 | 340 |     0 |   0 |   0 |
|   359 | POST   | /login                      | 0.008 | 0.676 |  64.684 | 0.180 | 0.412 |   0 |   0 |   359 |   0 |   0 |
|   355 | GET    | /favicon.ico                | 0.000 | 0.668 |  60.432 | 0.170 | 0.464 |   0 | 355 |     0 |   0 |   0 |
|   355 | GET    | /css/style.css              | 0.000 | 0.664 |  54.648 | 0.154 | 0.620 |   0 | 355 |     0 |   0 |   0 |
|   355 | GET    | /js/timeago.min.js          | 0.004 | 0.636 |  52.548 | 0.148 | 0.368 |   0 | 355 |     0 |   0 |   0 |
|   355 | GET    | /js/main.js                 | 0.000 | 0.420 |  51.228 | 0.144 | 0.372 |   0 | 355 |     0 |   0 |   0 |
|   224 | GET    | /posts/[0-9]+               | 0.004 | 0.512 |  36.048 | 0.161 | 0.384 |   0 | 224 |     0 |   0 |   0 |
| 11648 | GET    | /image/[0-9]+.(jpg|png|gif) | 0.000 | 0.660 |  24.908 | 0.002 | 0.000 |   0 | 470 | 11178 |   0 |   0 |
|    96 | POST   | /                           | 0.004 | 0.616 |  17.688 | 0.184 | 0.616 |   0 |   0 |    48 |  48 |   0 |
|    83 | GET    | /@\w+                       | 0.044 | 0.444 |  16.456 | 0.198 | 0.444 |   0 |  83 |     0 |   0 |   0 |
|    86 | GET    | /login                      | 0.004 | 0.376 |  16.244 | 0.189 | 0.376 |   0 |  86 |     0 |   0 |   0 |
|    67 | POST   | /comment                    | 0.020 | 0.476 |  11.868 | 0.177 | 0.476 |   0 |   0 |    67 |   0 |   0 |
|    67 | POST   | /register                   | 0.016 | 0.356 |  10.908 | 0.163 | 0.356 |   0 |   0 |    67 |   0 |   0 |
|    67 | GET    | /admin/banned               | 0.024 | 0.664 |  10.892 | 0.163 | 0.664 |   0 |   0 |     0 |  67 |   0 |
|    43 | GET    | /logout                     | 0.004 | 0.376 |   6.956 | 0.162 | 0.376 |   0 |   0 |    43 |   0 |   0 |
|     1 | GET    | /initialize                 | 0.028 | 0.028 |   0.028 | 0.028 | 0.028 |   0 |   1 |     0 |   0 |   0 |
+-------+--------+-----------------------------+-------+-------+---------+-------+-------+-----+-----+-------+-----+-----+
make[1]: Leaving directory '/home/isucon/private_isu/webapp'
