make[1]: Entering directory '/home/isucon/private_isu/webapp'
sudo alp ltsv --file=/var/log/nginx/access.log --sort sum --reverse -o count,method,uri,min,max,sum,avg,p99,1xx,2xx,3xx,4xx,5xx -m "/@\w+,/posts/[0-9]+,/image/[0-9]+.(jpg|png|gif)"
+-------+--------+-----------------------------+-------+-------+---------+-------+-------+-----+------+-------+-----+-----+
| COUNT | METHOD |             URI             |  MIN  |  MAX  |   SUM   |  AVG  |  P99  | 1XX | 2XX  |  3XX  | 4XX | 5XX |
+-------+--------+-----------------------------+-------+-------+---------+-------+-------+-----+------+-------+-----+-----+
|  1863 | GET    | /                           | 0.012 | 0.468 | 153.424 | 0.082 | 0.304 |   0 | 1863 |     0 |   0 |   0 |
|  1127 | GET    | /favicon.ico                | 0.000 | 0.292 |  71.992 | 0.064 | 0.224 |   0 | 1127 |     0 |   0 |   0 |
|  1127 | GET    | /js/main.js                 | 0.004 | 0.312 |  66.144 | 0.059 | 0.212 |   0 | 1127 |     0 |   0 |   0 |
|  1127 | GET    | /css/style.css              | 0.000 | 0.312 |  65.360 | 0.058 | 0.208 |   0 | 1127 |     0 |   0 |   0 |
|  1127 | GET    | /js/timeago.min.js          | 0.000 | 0.312 |  63.760 | 0.057 | 0.200 |   0 | 1127 |     0 |   0 |   0 |
|   925 | POST   | /login                      | 0.004 | 0.472 |  63.216 | 0.068 | 0.248 |   0 |    0 |   925 |   0 |   0 |
|   590 | GET    | /posts/[0-9]+               | 0.000 | 0.356 |  35.856 | 0.061 | 0.204 |   0 |  590 |     0 |   0 |   0 |
| 16803 | GET    | /image/[0-9]+.(jpg|png|gif) | 0.000 | 0.464 |  24.472 | 0.001 | 0.052 |   0 |  660 | 16143 |   0 |   0 |
|   264 | GET    | /posts                      | 0.028 | 0.324 |  21.004 | 0.080 | 0.208 |   0 |  264 |     0 |   0 |   0 |
|   246 | POST   | /                           | 0.008 | 0.340 |  18.968 | 0.077 | 0.284 |   0 |    0 |   123 | 123 |   0 |
|   200 | GET    | /@\w+                       | 0.016 | 0.356 |  16.608 | 0.083 | 0.260 |   0 |  200 |     0 |   0 |   0 |
|   222 | GET    | /login                      | 0.004 | 0.244 |  14.172 | 0.064 | 0.216 |   0 |  222 |     0 |   0 |   0 |
|   173 | POST   | /comment                    | 0.008 | 0.272 |  11.904 | 0.069 | 0.256 |   0 |    0 |   173 |   0 |   0 |
|   173 | POST   | /register                   | 0.012 | 0.300 |  11.768 | 0.068 | 0.256 |   0 |    0 |   173 |   0 |   0 |
|   173 | GET    | /admin/banned               | 0.012 | 0.248 |   8.840 | 0.051 | 0.232 |   0 |    0 |     0 | 173 |   0 |
|   111 | GET    | /logout                     | 0.012 | 0.224 |   7.564 | 0.068 | 0.224 |   0 |    0 |   111 |   0 |   0 |
|     1 | GET    | /initialize                 | 0.044 | 0.044 |   0.044 | 0.044 | 0.044 |   0 |    1 |     0 |   0 |   0 |
+-------+--------+-----------------------------+-------+-------+---------+-------+-------+-----+------+-------+-----+-----+
make[1]: Leaving directory '/home/isucon/private_isu/webapp'
