make[1]: Entering directory '/home/isucon/private_isu/webapp'
sudo alp ltsv --file=/var/log/nginx/access.log --sort sum --reverse -o count,method,uri,min,max,sum,avg,p99,1xx,2xx,3xx,4xx,5xx -m "/@\w+,/posts/[0-9]+,/image/[0-9]+.(jpg|png)"
+-------+--------+-------------------------+-------+-------+---------+-------+-------+-----+-----+-----+-----+-----+
| COUNT | METHOD |           URI           |  MIN  |  MAX  |   SUM   |  AVG  |  P99  | 1XX | 2XX | 3XX | 4XX | 5XX |
+-------+--------+-------------------------+-------+-------+---------+-------+-------+-----+-----+-----+-----+-----+
|   238 | GET    | /image/[0-9]+.(jpg|png) | 0.068 | 6.056 | 304.244 | 1.278 | 4.456 |   0 | 217 |  14 |   7 |   0 |
|    46 | GET    | /                       | 1.368 | 7.688 | 145.032 | 3.153 | 7.688 |   0 |  42 |   0 |   4 |   0 |
|    17 | GET    | /favicon.ico            | 0.648 | 7.652 |  60.568 | 3.563 | 7.652 |   0 |  17 |   0 |   0 |   0 |
|    34 | POST   | /login                  | 0.004 | 6.264 |  57.152 | 1.681 | 6.264 |   0 |   0 |  34 |   0 |   0 |
|    17 | GET    | /js/timeago.min.js      | 0.220 | 6.864 |  38.136 | 2.243 | 6.864 |   0 |  17 |   0 |   0 |   0 |
|    11 | GET    | /@\w+                   | 0.476 | 7.044 |  36.800 | 3.345 | 7.044 |   0 |  11 |   0 |   0 |   0 |
|    17 | GET    | /js/main.js             | 0.272 | 6.056 |  30.908 | 1.818 | 6.056 |   0 |  17 |   0 |   0 |   0 |
|    17 | GET    | /css/style.css          | 0.212 | 4.376 |  25.832 | 1.520 | 4.376 |   0 |  17 |   0 |   0 |   0 |
|    14 | GET    | /posts/[0-9]+           | 0.064 | 4.688 |  22.060 | 1.576 | 4.688 |   0 |  14 |   0 |   0 |   0 |
|    11 | POST   | /                       | 0.012 | 3.720 |  16.020 | 1.456 | 3.720 |   0 |   0 |   5 |   6 |   0 |
|     7 | POST   | /register               | 0.012 | 4.144 |   8.488 | 1.213 | 4.144 |   0 |   0 |   7 |   0 |   0 |
|     7 | GET    | /admin/banned           | 0.216 | 3.316 |   7.788 | 1.113 | 3.316 |   0 |   0 |   0 |   7 |   0 |
|     2 | GET    | /posts                  | 2.764 | 4.076 |   6.840 | 3.420 | 4.076 |   0 |   2 |   0 |   0 |   0 |
|     7 | POST   | /comment                | 0.004 | 1.776 |   5.152 | 0.736 | 1.776 |   0 |   0 |   7 |   0 |   0 |
|     3 | GET    | /logout                 | 0.248 | 3.436 |   3.684 | 1.228 | 3.436 |   0 |   0 |   3 |   0 |   0 |
|     1 | GET    | /image/5213.gif         | 3.244 | 3.244 |   3.244 | 3.244 | 3.244 |   0 |   1 |   0 |   0 |   0 |
|     4 | GET    | /login                  | 0.148 | 1.436 |   1.584 | 0.396 | 1.436 |   0 |   4 |   0 |   0 |   0 |
|     1 | GET    | /initialize             | 0.064 | 0.064 |   0.064 | 0.064 | 0.064 |   0 |   1 |   0 |   0 |   0 |
+-------+--------+-------------------------+-------+-------+---------+-------+-------+-----+-----+-----+-----+-----+
make[1]: Leaving directory '/home/isucon/private_isu/webapp'
