make[1]: Entering directory '/home/isucon/private_isu/webapp'
sudo alp ltsv --file=/var/log/nginx/access.log --sort sum --reverse -o count,method,uri,min,max,sum,avg,p99,1xx,2xx,3xx,4xx,5xx -m "/@\w+,/posts/[0-9]+,/image/[0-9]+.(jpg|png|gif)"
+-------+--------+-----------------------------+-------+-------+---------+-------+-------+-----+------+-------+-----+-----+
| COUNT | METHOD |             URI             |  MIN  |  MAX  |   SUM   |  AVG  |  P99  | 1XX | 2XX  |  3XX  | 4XX | 5XX |
+-------+--------+-----------------------------+-------+-------+---------+-------+-------+-----+------+-------+-----+-----+
|  2113 | GET    | /                           | 0.044 | 0.864 | 592.753 | 0.281 | 0.484 |   0 | 2113 |     0 |   0 |   0 |
|   658 | POST   | /login                      | 0.008 | 0.824 | 162.800 | 0.247 | 0.412 |   0 |    0 |   658 |   0 |   0 |
|   633 | GET    | /posts/[0-9]+               | 0.004 | 0.464 | 161.938 | 0.256 | 0.416 |   0 |  633 |     0 |   0 |   0 |
| 23440 | GET    | /image/[0-9]+.(jpg|png|gif) | 0.000 | 0.748 | 104.619 | 0.004 | 0.244 |   0 |  953 | 22487 |   0 |   0 |
|   298 | GET    | /posts                      | 0.120 | 0.840 |  72.551 | 0.243 | 0.420 |   0 |  298 |     0 |   0 |   0 |
|   228 | GET    | /login                      | 0.148 | 0.352 |  54.200 | 0.238 | 0.340 |   0 |  228 |     0 |   0 |   0 |
|   140 | GET    | /@\w+                       | 0.012 | 0.520 |  36.916 | 0.264 | 0.508 |   0 |  140 |     0 |   0 |   0 |
|   132 | POST   | /                           | 0.148 | 0.484 |  33.372 | 0.253 | 0.412 |   0 |    0 |    66 |  66 |   0 |
|   114 | GET    | /logout                     | 0.144 | 0.444 |  29.506 | 0.259 | 0.424 |   0 |    0 |   114 |   0 |   0 |
|    92 | POST   | /comment                    | 0.008 | 0.536 |  24.107 | 0.262 | 0.536 |   0 |    0 |    92 |   0 |   0 |
|    92 | POST   | /register                   | 0.012 | 0.424 |  21.748 | 0.236 | 0.424 |   0 |    0 |    92 |   0 |   0 |
|    92 | GET    | /admin/banned               | 0.004 | 0.412 |  21.527 | 0.234 | 0.412 |   0 |    0 |     0 |  92 |   0 |
|     2 | GET    | /initialize                 | 0.028 | 0.116 |   0.144 | 0.072 | 0.116 |   0 |    2 |     0 |   0 |   0 |
|  1649 | GET    | /js/timeago.min.js          | 0.000 | 0.000 |   0.000 | 0.000 | 0.000 |   0 |    2 |  1647 |   0 |   0 |
|  1649 | GET    | /js/main.js                 | 0.000 | 0.000 |   0.000 | 0.000 | 0.000 |   0 |    2 |  1647 |   0 |   0 |
|  1649 | GET    | /css/style.css              | 0.000 | 0.000 |   0.000 | 0.000 | 0.000 |   0 |    2 |  1647 |   0 |   0 |
|  1649 | GET    | /favicon.ico                | 0.000 | 0.000 |   0.000 | 0.000 | 0.000 |   0 |    2 |  1647 |   0 |   0 |
+-------+--------+-----------------------------+-------+-------+---------+-------+-------+-----+------+-------+-----+-----+
make[1]: Leaving directory '/home/isucon/private_isu/webapp'
