make[1]: Entering directory '/home/isucon/private_isu/webapp'
sudo alp ltsv --file=/var/log/nginx/access.log --sort sum --reverse -o count,method,uri,min,max,sum,avg,p99,1xx,2xx,3xx,4xx,5xx -m "/@\w+,/posts/[0-9]+,/image/[0-9]+.(jpg|png|gif)"
+-------+--------+-----------------------------+-------+-------+---------+-------+-------+-----+------+-------+-----+-----+
| COUNT | METHOD |             URI             |  MIN  |  MAX  |   SUM   |  AVG  |  P99  | 1XX | 2XX  |  3XX  | 4XX | 5XX |
+-------+--------+-----------------------------+-------+-------+---------+-------+-------+-----+------+-------+-----+-----+
|  2927 | GET    | /                           | 0.008 | 0.312 | 258.684 | 0.088 | 0.212 |   0 | 2927 |     0 |   0 |   0 |
|   947 | POST   | /login                      | 0.008 | 0.312 |  88.576 | 0.094 | 0.220 |   0 |    0 |   947 |   0 |   0 |
|   964 | GET    | /posts/[0-9]+               | 0.004 | 0.304 |  82.820 | 0.086 | 0.184 |   0 |  964 |     0 |   0 |   0 |
|   575 | GET    | /posts                      | 0.056 | 0.284 |  54.336 | 0.094 | 0.212 |   0 |  575 |     0 |   0 |   0 |
| 42622 | GET    | /image/[0-9]+.(jpg|png|gif) | 0.000 | 0.324 |  46.900 | 0.001 | 0.068 |   0 | 1318 | 41304 |   0 |   0 |
|   330 | GET    | /login                      | 0.008 | 0.204 |  26.576 | 0.081 | 0.188 |   0 |  330 |     0 |   0 |   0 |
|   211 | GET    | /@\w+                       | 0.028 | 0.204 |  19.404 | 0.092 | 0.172 |   0 |  211 |     0 |   0 |   0 |
|   188 | POST   | /                           | 0.016 | 0.312 |  18.728 | 0.100 | 0.300 |   0 |    0 |    94 |  94 |   0 |
|   165 | GET    | /logout                     | 0.004 | 0.236 |  14.740 | 0.089 | 0.232 |   0 |    0 |   165 |   0 |   0 |
|   132 | POST   | /register                   | 0.016 | 0.228 |  12.632 | 0.096 | 0.220 |   0 |    0 |   132 |   0 |   0 |
|   132 | POST   | /comment                    | 0.004 | 0.212 |  11.120 | 0.084 | 0.212 |   0 |    0 |   132 |   0 |   0 |
|   132 | GET    | /admin/banned               | 0.016 | 0.164 |  10.364 | 0.079 | 0.160 |   0 |    0 |     0 | 132 |   0 |
|     1 | GET    | /initialize                 | 0.048 | 0.048 |   0.048 | 0.048 | 0.048 |   0 |    1 |     0 |   0 |   0 |
|  2872 | GET    | /js/timeago.min.js          | 0.000 | 0.000 |   0.000 | 0.000 | 0.000 |   0 |    1 |  2871 |   0 |   0 |
|  2872 | GET    | /js/main.js                 | 0.000 | 0.000 |   0.000 | 0.000 | 0.000 |   0 |    1 |  2871 |   0 |   0 |
|  2872 | GET    | /css/style.css              | 0.000 | 0.000 |   0.000 | 0.000 | 0.000 |   0 |    1 |  2871 |   0 |   0 |
|  2872 | GET    | /favicon.ico                | 0.000 | 0.000 |   0.000 | 0.000 | 0.000 |   0 |    1 |  2871 |   0 |   0 |
+-------+--------+-----------------------------+-------+-------+---------+-------+-------+-----+------+-------+-----+-----+
make[1]: Leaving directory '/home/isucon/private_isu/webapp'
