make[1]: Entering directory '/home/isucon/private_isu/webapp'
sudo alp ltsv --file=/var/log/nginx/access.log --sort sum --reverse -o count,method,uri,min,max,sum,avg,p99,1xx,2xx,3xx,4xx,5xx -m "/@\w+,/posts/[0-9]+,/image/[0-9]+.(jpg|png|gif)"
+-------+--------+-----------------------------+-------+-------+---------+-------+-------+-----+------+-------+-----+-----+
| COUNT | METHOD |             URI             |  MIN  |  MAX  |   SUM   |  AVG  |  P99  | 1XX | 2XX  |  3XX  | 4XX | 5XX |
+-------+--------+-----------------------------+-------+-------+---------+-------+-------+-----+------+-------+-----+-----+
|  2659 | GET    | /                           | 0.004 | 0.340 | 259.649 | 0.098 | 0.252 |   0 | 2659 |     0 |   0 |   0 |
|   855 | POST   | /login                      | 0.008 | 0.320 |  87.198 | 0.102 | 0.268 |   0 |    0 |   855 |   0 |   0 |
|   891 | GET    | /posts/[0-9]+               | 0.004 | 0.328 |  82.214 | 0.092 | 0.224 |   0 |  891 |     0 |   0 |   0 |
|   512 | GET    | /posts                      | 0.052 | 0.352 |  53.739 | 0.105 | 0.260 |   0 |  512 |     0 |   0 |   0 |
| 38211 | GET    | /image/[0-9]+.(jpg|png|gif) | 0.000 | 0.340 |  47.168 | 0.001 | 0.072 |   0 | 1204 | 37007 |   0 |   0 |
|   298 | GET    | /login                      | 0.024 | 0.308 |  27.620 | 0.093 | 0.200 |   0 |  298 |     0 |   0 |   0 |
|   189 | GET    | /@\w+                       | 0.016 | 0.296 |  21.716 | 0.115 | 0.288 |   0 |  189 |     0 |   0 |   0 |
|   171 | POST   | /                           | 0.004 | 0.272 |  19.143 | 0.112 | 0.268 |   0 |    0 |    86 |  85 |   0 |
|   149 | GET    | /logout                     | 0.056 | 0.272 |  13.892 | 0.093 | 0.264 |   0 |    0 |   149 |   0 |   0 |
|   119 | POST   | /register                   | 0.012 | 0.332 |  11.952 | 0.100 | 0.232 |   0 |    0 |   119 |   0 |   0 |
|   119 | POST   | /comment                    | 0.008 | 0.284 |  11.687 | 0.098 | 0.240 |   0 |    0 |   119 |   0 |   0 |
|   119 | GET    | /admin/banned               | 0.004 | 0.276 |  10.907 | 0.092 | 0.268 |   0 |    0 |     0 | 119 |   0 |
|     1 | GET    | /.env                       | 0.112 | 0.112 |   0.112 | 0.112 | 0.112 |   0 |    0 |     0 |   1 |   0 |
|     1 | GET    | /initialize                 | 0.024 | 0.024 |   0.024 | 0.024 | 0.024 |   0 |    1 |     0 |   0 |   0 |
|  2597 | GET    | /css/style.css              | 0.000 | 0.000 |   0.000 | 0.000 | 0.000 |   0 |    1 |  2596 |   0 |   0 |
|  2597 | GET    | /js/main.js                 | 0.000 | 0.000 |   0.000 | 0.000 | 0.000 |   0 |    1 |  2596 |   0 |   0 |
|  2597 | GET    | /js/timeago.min.js          | 0.000 | 0.000 |   0.000 | 0.000 | 0.000 |   0 |    1 |  2596 |   0 |   0 |
|  2597 | GET    | /favicon.ico                | 0.000 | 0.000 |   0.000 | 0.000 | 0.000 |   0 |    1 |  2596 |   0 |   0 |
+-------+--------+-----------------------------+-------+-------+---------+-------+-------+-----+------+-------+-----+-----+
make[1]: Leaving directory '/home/isucon/private_isu/webapp'
