make[1]: Entering directory '/home/isucon/private_isu/webapp'
sudo alp ltsv --file=/var/log/nginx/access.log --sort sum --reverse -o count,method,uri,min,max,sum,avg,p99,1xx,2xx,3xx,4xx,5xx -m "/@\w+,/posts/[0-9]+,/image/[0-9]+.(jpg|png|gif)"
+-------+--------+-----------------------------+-------+-------+---------+-------+-------+-----+------+-------+-----+-----+
| COUNT | METHOD |             URI             |  MIN  |  MAX  |   SUM   |  AVG  |  P99  | 1XX | 2XX  |  3XX  | 4XX | 5XX |
+-------+--------+-----------------------------+-------+-------+---------+-------+-------+-----+------+-------+-----+-----+
|  4309 | GET    | /                           | 0.004 | 0.264 | 252.432 | 0.059 | 0.116 |   0 | 4309 |     0 |   0 |   0 |
|  1719 | GET    | /posts/[0-9]+               | 0.004 | 0.200 |  97.986 | 0.057 | 0.112 |   0 | 1719 |     0 |   0 |   0 |
|  1417 | POST   | /login                      | 0.004 | 0.216 |  87.512 | 0.062 | 0.120 |   0 |    0 |  1417 |   0 |   0 |
|   885 | GET    | /posts                      | 0.024 | 0.196 |  52.746 | 0.060 | 0.124 |   0 |  885 |     0 |   0 |   0 |
|   494 | GET    | /login                      | 0.008 | 0.116 |  27.036 | 0.055 | 0.104 |   0 |  494 |     0 |   0 |   0 |
| 65835 | GET    | /image/[0-9]+.(jpg|png|gif) | 0.000 | 0.264 |  26.112 | 0.000 | 0.000 |   0 | 1875 | 63960 |   0 |   0 |
|   338 | GET    | /@\w+                       | 0.012 | 0.260 |  22.848 | 0.068 | 0.120 |   0 |  338 |     0 |   0 |   0 |
|   282 | POST   | /                           | 0.008 | 0.256 |  19.736 | 0.070 | 0.144 |   0 |    0 |   141 | 141 |   0 |
|   247 | GET    | /logout                     | 0.032 | 0.168 |  13.660 | 0.055 | 0.108 |   0 |    0 |   247 |   0 |   0 |
|   197 | POST   | /register                   | 0.012 | 0.176 |  12.404 | 0.063 | 0.152 |   0 |    0 |   197 |   0 |   0 |
|   197 | POST   | /comment                    | 0.004 | 0.168 |  11.521 | 0.058 | 0.136 |   0 |    0 |   197 |   0 |   0 |
|   197 | GET    | /admin/banned               | 0.028 | 0.164 |  10.909 | 0.055 | 0.136 |   0 |    0 |     0 | 197 |   0 |
|     1 | GET    | /initialize                 | 0.024 | 0.024 |   0.024 | 0.024 | 0.024 |   0 |    1 |     0 |   0 |   0 |
|  4671 | GET    | /js/timeago.min.js          | 0.000 | 0.000 |   0.000 | 0.000 | 0.000 |   0 |    1 |  4670 |   0 |   0 |
|  4671 | GET    | /js/main.js                 | 0.000 | 0.000 |   0.000 | 0.000 | 0.000 |   0 |    1 |  4670 |   0 |   0 |
|  4671 | GET    | /css/style.css              | 0.000 | 0.000 |   0.000 | 0.000 | 0.000 |   0 |    1 |  4670 |   0 |   0 |
|  4671 | GET    | /favicon.ico                | 0.000 | 0.000 |   0.000 | 0.000 | 0.000 |   0 |    1 |  4670 |   0 |   0 |
+-------+--------+-----------------------------+-------+-------+---------+-------+-------+-----+------+-------+-----+-----+
make[1]: Leaving directory '/home/isucon/private_isu/webapp'
