make[1]: Entering directory '/home/isucon/private_isu/webapp'
sudo alp ltsv --file=/var/log/nginx/access.log --sort sum --reverse -o count,method,uri,min,max,sum,avg,p99,1xx,2xx,3xx,4xx,5xx -m "/@\w+,/posts/[0-9]+,/image/[0-9]+.(jpg|png|gif)"
+-------+--------+-----------------------------+-------+-------+---------+-------+-------+-----+------+-------+-----+-----+
| COUNT | METHOD |             URI             |  MIN  |  MAX  |   SUM   |  AVG  |  P99  | 1XX | 2XX  |  3XX  | 4XX | 5XX |
+-------+--------+-----------------------------+-------+-------+---------+-------+-------+-----+------+-------+-----+-----+
|  2266 | GET    | /                           | 0.012 | 0.496 | 267.096 | 0.118 | 0.292 |   0 | 2266 |     0 |   0 |   0 |
|   729 | POST   | /login                      | 0.008 | 0.460 |  85.600 | 0.117 | 0.288 |   0 |    0 |   729 |   0 |   0 |
|   704 | GET    | /posts/[0-9]+               | 0.000 | 0.336 |  73.192 | 0.104 | 0.232 |   0 |  704 |     0 |   0 |   0 |
| 31645 | GET    | /image/[0-9]+.(jpg|png|gif) | 0.000 | 0.500 |  58.548 | 0.002 | 0.092 |   0 | 1053 | 30592 |   0 |   0 |
|   424 | GET    | /posts                      | 0.056 | 0.452 |  50.664 | 0.119 | 0.312 |   0 |  424 |     0 |   0 |   0 |
|   254 | GET    | /login                      | 0.004 | 0.452 |  28.944 | 0.114 | 0.328 |   0 |  254 |     0 |   0 |   0 |
|   149 | GET    | /@\w+                       | 0.036 | 0.332 |  19.636 | 0.132 | 0.292 |   0 |  149 |     0 |   0 |   0 |
|   146 | POST   | /                           | 0.004 | 0.344 |  18.712 | 0.128 | 0.304 |   0 |    0 |    73 |  73 |   0 |
|   127 | GET    | /logout                     | 0.056 | 0.460 |  14.408 | 0.113 | 0.372 |   0 |    0 |   127 |   0 |   0 |
|   101 | POST   | /register                   | 0.012 | 0.252 |  11.944 | 0.118 | 0.248 |   0 |    0 |   101 |   0 |   0 |
|   101 | POST   | /comment                    | 0.008 | 0.472 |  11.204 | 0.111 | 0.252 |   0 |    0 |   101 |   0 |   0 |
|   101 | GET    | /admin/banned               | 0.060 | 0.464 |  10.400 | 0.103 | 0.244 |   0 |    0 |     0 | 101 |   0 |
|     1 | GET    | /initialize                 | 0.040 | 0.040 |   0.040 | 0.040 | 0.040 |   0 |    1 |     0 |   0 |   0 |
|  2106 | GET    | /js/timeago.min.js          | 0.000 | 0.000 |   0.000 | 0.000 | 0.000 |   0 |    1 |  2105 |   0 |   0 |
|  2106 | GET    | /js/main.js                 | 0.000 | 0.000 |   0.000 | 0.000 | 0.000 |   0 |    1 |  2105 |   0 |   0 |
|  2106 | GET    | /css/style.css              | 0.000 | 0.000 |   0.000 | 0.000 | 0.000 |   0 |    1 |  2105 |   0 |   0 |
|  2106 | GET    | /favicon.ico                | 0.000 | 0.000 |   0.000 | 0.000 | 0.000 |   0 |    1 |  2105 |   0 |   0 |
+-------+--------+-----------------------------+-------+-------+---------+-------+-------+-----+------+-------+-----+-----+
make[1]: Leaving directory '/home/isucon/private_isu/webapp'
