make[1]: Entering directory '/home/isucon/private_isu/webapp'
sudo pt-query-digest /var/log/mysql/mysql-slow.log

# 13.5s user time, 30ms system time, 29.58M rss, 35.40M vsz
# Current date: Sun Jul 17 19:01:55 2022
# Hostname: ip-172-31-32-108
# Files: /var/log/mysql/mysql-slow.log
# Overall: 216.32k total, 25 unique, 3.55k QPS, 0.45x concurrency ________
# Time range: 2022-07-17T10:00:15 to 2022-07-17T10:01:16
# Attribute          total     min     max     avg     95%  stddev  median
# ============     ======= ======= ======= ======= ======= ======= =======
# Exec time            27s     2us   267ms   125us   103us     2ms    54us
# Lock time          169ms       0   112us       0     1us     1us     1us
# Rows sent        233.83k       0      21    1.11    2.90    2.28    0.99
# Rows examine       3.26M       0   9.84k   15.81   10.84  364.78       0
# Query size        12.32M      28     340   59.74   80.10   34.66   62.76

# Profile
# Rank Query ID                      Response time Calls R/Call V/M   Item
# ==== ============================= ============= ===== ====== ===== ====
#    1 0x4087F945CD9D7D595FC97F84... 10.5772 38.9%   446 0.0237  0.08 SELECT posts
#    2 0x422390B42D4DD86C7539A5F4...  3.7540 13.8% 56067 0.0001  0.00 SELECT comments
#    3 0x624863D30DAC59FA16849282...  3.6365 13.4% 55363 0.0001  0.00 SELECT comments
#    4 0x396201721CD58410E070DA94...  3.3385 12.3% 68096 0.0000  0.00 SELECT users
#    5 0x979CA34F096654135383AD4A...  1.7591  6.5%   149 0.0118  0.00 SELECT posts
#    6 0xDA556F9115773A1A99AA0165...  1.0739  3.9% 15257 0.0001  0.00 ADMIN PREPARE
#    7 0x06ADAC515A1F27803E5DF050...  0.9011  3.3%  2266 0.0004  0.00 SELECT posts users
#    8 0x9F2038550F51B0A3AB05CA52...  0.5579  2.1%   101 0.0055  0.01 INSERT comments
#    9 0x26489ECBE26887E480CA8067...  0.4087  1.5%   101 0.0040  0.00 INSERT users
# MISC 0xMISC                         1.2012  4.4% 18478 0.0001   0.0 <16 ITEMS>

# Query 1: 7.43 QPS, 0.18x concurrency, ID 0x4087F945CD9D7D595FC97F845D5F590C at byte 51262752
# Scores: V/M = 0.08
# Time range: 2022-07-17T10:00:16 to 2022-07-17T10:01:16
# Attribute    pct   total     min     max     avg     95%  stddev  median
# ============ === ======= ======= ======= ======= ======= ======= =======
# Count          0     446
# Exec time     38     11s   115us   267ms    24ms   110ms    44ms     2ms
# Lock time      0   879us     1us    90us     1us     2us     4us     1us
# Rows sent      0     446       1       1       1       1       0       1
# Rows examine   0     446       1       1       1       1       0       1
# Query size     0  22.16k      49      51   50.87   49.17    0.25   49.17
# String:
# Hosts        localhost
# Users        isuconp
# Query_time distribution
#   1us
#  10us
# 100us  ################################################
#   1ms  ################################################################
#  10ms  ################
# 100ms  ##############
#    1s
#  10s+
# Tables
#    SHOW TABLE STATUS LIKE 'posts'\G
#    SHOW CREATE TABLE `posts`\G
# EXPLAIN /*!50100 PARTITIONS*/
SELECT mime, imgdata FROM `posts` WHERE `id` = 160\G

# Query 2: 934.45 QPS, 0.06x concurrency, ID 0x422390B42D4DD86C7539A5F45EB76A80 at byte 29744170
# Scores: V/M = 0.00
# Time range: 2022-07-17T10:00:16 to 2022-07-17T10:01:16
# Attribute    pct   total     min     max     avg     95%  stddev  median
# ============ === ======= ======= ======= ======= ======= ======= =======
# Count         25   56067
# Exec time     13      4s    50us     4ms    66us    93us    29us    57us
# Lock time     29    49ms       0   106us       0     1us     1us     1us
# Rows sent     23  54.75k       1       1       1       1       0       1
# Rows examine   4 166.83k       0      23    3.05   11.95    4.79       0
# Query size    28   3.51M      63      66   65.70   65.89    1.43   65.89
# String:
# Hosts        localhost
# Users        isuconp
# Query_time distribution
#   1us
#  10us  ################################################################
# 100us  ###
#   1ms  #
#  10ms
# 100ms
#    1s
#  10s+
# Tables
#    SHOW TABLE STATUS LIKE 'comments'\G
#    SHOW CREATE TABLE `comments`\G
# EXPLAIN /*!50100 PARTITIONS*/
SELECT COUNT(*) AS `count` FROM `comments` WHERE `post_id` = 10786\G

# Query 3: 922.72 QPS, 0.06x concurrency, ID 0x624863D30DAC59FA16849282195BE09F at byte 20995219
# Scores: V/M = 0.00
# Time range: 2022-07-17T10:00:16 to 2022-07-17T10:01:16
# Attribute    pct   total     min     max     avg     95%  stddev  median
# ============ === ======= ======= ======= ======= ======= ======= =======
# Count         25   55363
# Exec time     13      4s    48us     4ms    65us    84us    47us    57us
# Lock time     27    47ms       0    88us       0     1us       0     1us
# Rows sent     20  48.67k       0       3    0.90    2.90    1.33       0
# Rows examine   1  48.67k       0       3    0.90    2.90    1.33       0
# Query size    35   4.37M      80      83   82.71   80.10    0.06   80.10
# String:
# Hosts        localhost
# Users        isuconp
# Query_time distribution
#   1us
#  10us  ################################################################
# 100us  ##
#   1ms  #
#  10ms
# 100ms
#    1s
#  10s+
# Tables
#    SHOW TABLE STATUS LIKE 'comments'\G
#    SHOW CREATE TABLE `comments`\G
# EXPLAIN /*!50100 PARTITIONS*/
SELECT * FROM `comments` WHERE `post_id` = 10754 ORDER BY `created_at` DESC LIMIT 3\G

# Query 4: 1.13k QPS, 0.06x concurrency, ID 0x396201721CD58410E070DA9421CA8C8D at byte 52123179
# Scores: V/M = 0.00
# Time range: 2022-07-17T10:00:16 to 2022-07-17T10:01:16
# Attribute    pct   total     min     max     avg     95%  stddev  median
# ============ === ======= ======= ======= ======= ======= ======= =======
# Count         31   68096
# Exec time     12      3s    36us     7ms    49us    63us    52us    44us
# Lock time     35    61ms       0    94us       0     1us       0     1us
# Rows sent     28  66.50k       1       1       1       1       0       1
# Rows examine   1  66.50k       1       1       1       1       0       1
# Query size    19   2.46M      36      39   37.88   36.69    0.18   36.69
# String:
# Hosts        localhost
# Users        isuconp
# Query_time distribution
#   1us
#  10us  ################################################################
# 100us  #
#   1ms  #
#  10ms
# 100ms
#    1s
#  10s+
# Tables
#    SHOW TABLE STATUS LIKE 'users'\G
#    SHOW CREATE TABLE `users`\G
# EXPLAIN /*!50100 PARTITIONS*/
SELECT * FROM `users` WHERE `id` = 568\G

# Query 5: 2.48 QPS, 0.03x concurrency, ID 0x979CA34F096654135383AD4AD4308BFE at byte 54310205
# Scores: V/M = 0.00
# Time range: 2022-07-17T10:00:16 to 2022-07-17T10:01:16
# Attribute    pct   total     min     max     avg     95%  stddev  median
# ============ === ======= ======= ======= ======= ======= ======= =======
# Count          0     149
# Exec time      6      2s    11ms    18ms    12ms    12ms     1ms    11ms
# Lock time      0   278us     1us    74us     1us     1us     5us     1us
# Rows sent      0   1.53k       3      19   10.49   15.25    3.27   10.84
# Rows examine  43   1.43M   9.77k   9.84k   9.80k   9.80k      36   9.80k
# Query size     0  17.88k     122     123  122.89  118.34       0  118.34
# String:
# Hosts        localhost
# Users        isuconp
# Query_time distribution
#   1us
#  10us
# 100us
#   1ms
#  10ms  ################################################################
# 100ms
#    1s
#  10s+
# Tables
#    SHOW TABLE STATUS LIKE 'posts'\G
#    SHOW CREATE TABLE `posts`\G
# EXPLAIN /*!50100 PARTITIONS*/
SELECT `id`, `user_id`, `body`, `mime`, `created_at` FROM `posts` WHERE `user_id` = 72 ORDER BY `created_at` DESC limit 20\G

# Query 6: 250.11 QPS, 0.02x concurrency, ID 0xDA556F9115773A1A99AA0165670CE848 at byte 2154803
# Scores: V/M = 0.00
# Time range: 2022-07-17T10:00:15 to 2022-07-17T10:01:16
# Attribute    pct   total     min     max     avg     95%  stddev  median
# ============ === ======= ======= ======= ======= ======= ======= =======
# Count          7   15257
# Exec time      3      1s    24us     6ms    70us   152us   100us    52us
# Lock time      0       0       0       0       0       0       0       0
# Rows sent      0       0       0       0       0       0       0       0
# Rows examine   0       0       0       0       0       0       0       0
# Query size     3 446.98k      30      30      30      30       0      30
# String:
# Hosts        localhost
# Users        isuconp
# Query_time distribution
#   1us
#  10us  ################################################################
# 100us  ###########
#   1ms  #
#  10ms
# 100ms
#    1s
#  10s+
administrator command: Prepare\G

# Query 7: 37.77 QPS, 0.02x concurrency, ID 0x06ADAC515A1F27803E5DF050826DF996 at byte 52297130
# Scores: V/M = 0.00
# Time range: 2022-07-17T10:00:16 to 2022-07-17T10:01:16
# Attribute    pct   total     min     max     avg     95%  stddev  median
# ============ === ======= ======= ======= ======= ======= ======= =======
# Count          1    2266
# Exec time      3   901ms   194us    11ms   397us   761us   322us   316us
# Lock time      2     5ms     1us   112us     2us     2us     4us     1us
# Rows sent     18  44.26k      20      20      20      20       0      20
# Rows examine   2  88.52k      40      40      40      40       0      40
# Query size     5 752.38k     340     340     340     340       0     340
# String:
# Hosts        localhost
# Users        isuconp
# Query_time distribution
#   1us
#  10us
# 100us  ################################################################
#   1ms  #
#  10ms  #
# 100ms
#    1s
#  10s+
# Tables
#    SHOW TABLE STATUS LIKE 'posts'\G
#    SHOW CREATE TABLE `posts`\G
#    SHOW TABLE STATUS LIKE 'users'\G
#    SHOW CREATE TABLE `users`\G
# EXPLAIN /*!50100 PARTITIONS*/
SELECT posts.id, posts.user_id, posts.body, posts.created_at, posts.mime, users.id as u_id, users.account_name as u_account_name, users.passhash as u_passhash, users.authority as u_authority, users.del_flg as u_del_flg, users.created_at as u_created_at FROM `posts` join users on posts.user_id = users.id ORDER BY `created_at` DESC limit 20\G

# Query 8: 1.68 QPS, 0.01x concurrency, ID 0x9F2038550F51B0A3AB05CA526E3FEDDC at byte 16227231
# Scores: V/M = 0.01
# Time range: 2022-07-17T10:00:16 to 2022-07-17T10:01:16
# Attribute    pct   total     min     max     avg     95%  stddev  median
# ============ === ======= ======= ======= ======= ======= ======= =======
# Count          0     101
# Exec time      2   558ms     3ms    87ms     6ms     6ms     8ms     5ms
# Lock time      0   125us     1us     3us     1us     1us       0     1us
# Rows sent      0       0       0       0       0       0       0       0
# Rows examine   0       0       0       0       0       0       0       0
# Query size     0  13.69k      91     208  138.78  174.84   25.27  136.99
# String:
# Hosts        localhost
# Users        isuconp
# Query_time distribution
#   1us
#  10us
# 100us
#   1ms  ################################################################
#  10ms  #
# 100ms
#    1s
#  10s+
# Tables
#    SHOW TABLE STATUS LIKE 'comments'\G
#    SHOW CREATE TABLE `comments`\G
INSERT INTO `comments` (`post_id`, `user_id`, `comment`) VALUES ('8792',654,'ｱﾘｶﾞﾄ ｳﾌｯ♪(*~ё~)ﾉ　⌒☆(。。ｌｌｌ) ｵｴｯ')\G

# Query 9: 1.71 QPS, 0.01x concurrency, ID 0x26489ECBE26887E480CA8067F971EA04 at byte 47307286
# Scores: V/M = 0.00
# Time range: 2022-07-17T10:00:16 to 2022-07-17T10:01:15
# Attribute    pct   total     min     max     avg     95%  stddev  median
# ============ === ======= ======= ======= ======= ======= ======= =======
# Count          0     101
# Exec time      1   409ms     3ms    10ms     4ms     5ms   859us     4ms
# Lock time      0   192us     1us     3us     1us     2us       0     1us
# Rows sent      0       0       0       0       0       0       0       0
# Rows examine   0       0       0       0       0       0       0       0
# Query size     0  21.30k     216     216     216     216       0     216
# String:
# Hosts        localhost
# Users        isuconp
# Query_time distribution
#   1us
#  10us
# 100us
#   1ms  ################################################################
#  10ms  #
# 100ms
#    1s
#  10s+
# Tables
#    SHOW TABLE STATUS LIKE 'users'\G
#    SHOW CREATE TABLE `users`\G
INSERT INTO `users` (`account_name`, `passhash`) VALUES ('7QUvAJKPDhMMfP3RyUZ3RCYtA','74989515007d506231b4e09f077980fdfba102896680dc50f090d75ceb7971bb7d8661282e8b3adec9a7b278b093ac1332480d111613238ca55f66545f161a15')\G
make[1]: Leaving directory '/home/isucon/private_isu/webapp'
