make[1]: Entering directory '/home/isucon/private_isu/webapp'
sudo alp ltsv --file=/var/log/nginx/access.log --sort sum --reverse -o count,method,uri,min,max,sum,avg,p99,1xx,2xx,3xx,4xx,5xx -m "/@\w+,/posts/[0-9]+,/image/[0-9]+.(jpg|png|gif)"
+-------+--------+-----------------------------+-------+-------+---------+-------+-------+-----+------+-------+-----+-----+
| COUNT | METHOD |             URI             |  MIN  |  MAX  |   SUM   |  AVG  |  P99  | 1XX | 2XX  |  3XX  | 4XX | 5XX |
+-------+--------+-----------------------------+-------+-------+---------+-------+-------+-----+------+-------+-----+-----+
|  4211 | GET    | /                           | 0.004 | 0.200 | 253.265 | 0.060 | 0.144 |   0 | 4211 |     0 |   0 |   0 |
|  1587 | GET    | /posts/[0-9]+               | 0.004 | 0.188 |  94.554 | 0.060 | 0.112 |   0 | 1587 |     0 |   0 |   0 |
|  1373 | POST   | /login                      | 0.008 | 0.180 |  87.825 | 0.064 | 0.148 |   0 |    0 |  1373 |   0 |   0 |
|   866 | GET    | /posts                      | 0.020 | 0.176 |  52.425 | 0.061 | 0.124 |   0 |  866 |     0 |   0 |   0 |
| 64087 | GET    | /image/[0-9]+.(jpg|png|gif) | 0.000 | 0.196 |  32.704 | 0.001 | 0.000 |   0 | 1786 | 62301 |   0 |   0 |
|   478 | GET    | /login                      | 0.004 | 0.188 |  27.584 | 0.058 | 0.144 |   0 |  478 |     0 |   0 |   0 |
|   319 | GET    | /@\w+                       | 0.012 | 0.172 |  21.121 | 0.066 | 0.120 |   0 |  319 |     0 |   0 |   0 |
|   274 | POST   | /                           | 0.004 | 0.204 |  19.484 | 0.071 | 0.160 |   0 |    0 |   137 | 137 |   0 |
|   239 | GET    | /logout                     | 0.032 | 0.132 |  13.180 | 0.055 | 0.112 |   0 |    0 |   239 |   0 |   0 |
|   191 | POST   | /register                   | 0.012 | 0.152 |  12.785 | 0.067 | 0.116 |   0 |    0 |   191 |   0 |   0 |
|   191 | POST   | /comment                    | 0.004 | 0.188 |  11.128 | 0.058 | 0.144 |   0 |    0 |   191 |   0 |   0 |
|   191 | GET    | /admin/banned               | 0.004 | 0.184 |  10.952 | 0.057 | 0.144 |   0 |    0 |     0 | 191 |   0 |
|     1 | GET    | /initialize                 | 0.040 | 0.040 |   0.040 | 0.040 | 0.040 |   0 |    1 |     0 |   0 |   0 |
|  4461 | GET    | /js/timeago.min.js          | 0.000 | 0.000 |   0.000 | 0.000 | 0.000 |   0 |    1 |  4460 |   0 |   0 |
|  4461 | GET    | /js/main.js                 | 0.000 | 0.000 |   0.000 | 0.000 | 0.000 |   0 |    1 |  4460 |   0 |   0 |
|  4461 | GET    | /css/style.css              | 0.000 | 0.000 |   0.000 | 0.000 | 0.000 |   0 |    1 |  4460 |   0 |   0 |
|  4461 | GET    | /favicon.ico                | 0.000 | 0.000 |   0.000 | 0.000 | 0.000 |   0 |    1 |  4460 |   0 |   0 |
+-------+--------+-----------------------------+-------+-------+---------+-------+-------+-----+------+-------+-----+-----+
make[1]: Leaving directory '/home/isucon/private_isu/webapp'
