make[1]: Entering directory '/home/isucon/private_isu/webapp'
sudo alp ltsv --file=/var/log/nginx/access.log --sort sum --reverse -o count,method,uri,min,max,sum,avg,p99,1xx,2xx,3xx,4xx,5xx -m "/@\w+,/posts/[0-9]+,/image/[0-9]+.(jpg|png|gif)"
+-------+--------+-----------------------------+-------+-------+---------+-------+-------+-----+------+-------+-----+-----+
| COUNT | METHOD |             URI             |  MIN  |  MAX  |   SUM   |  AVG  |  P99  | 1XX | 2XX  |  3XX  | 4XX | 5XX |
+-------+--------+-----------------------------+-------+-------+---------+-------+-------+-----+------+-------+-----+-----+
|  3938 | GET    | /                           | 0.012 | 0.468 | 424.408 | 0.108 | 0.296 |   0 | 3938 |     0 |   0 |   0 |
|  1593 | POST   | /login                      | 0.004 | 0.472 | 146.568 | 0.092 | 0.288 |   0 |    0 |  1593 |   0 |   0 |
|  1213 | GET    | /posts/[0-9]+               | 0.012 | 0.356 | 111.104 | 0.092 | 0.268 |   0 | 1213 |     0 |   0 |   0 |
| 45148 | GET    | /image/[0-9]+.(jpg|png|gif) | 0.000 | 0.464 |  81.312 | 0.002 | 0.088 |   0 | 1619 | 43529 |   0 |   0 |
|  3047 | GET    | /favicon.ico                | 0.000 | 0.292 |  71.992 | 0.024 | 0.180 |   0 | 1130 |  1877 |  40 |   0 |
|   642 | GET    | /posts                      | 0.028 | 0.340 |  70.504 | 0.110 | 0.296 |   0 |  642 |     0 |   0 |   0 |
|  3005 | GET    | /js/main.js                 | 0.000 | 0.312 |  66.144 | 0.022 | 0.156 |   0 | 1128 |  1877 |   0 |   0 |
|  3005 | GET    | /css/style.css              | 0.000 | 0.312 |  65.360 | 0.022 | 0.160 |   0 | 1128 |  1877 |   0 |   0 |
|  3005 | GET    | /js/timeago.min.js          | 0.000 | 0.312 |  63.760 | 0.021 | 0.160 |   0 | 1128 |  1877 |   0 |   0 |
|   454 | GET    | /login                      | 0.004 | 0.272 |  42.348 | 0.093 | 0.260 |   0 |  454 |     0 |   0 |   0 |
|   380 | POST   | /                           | 0.004 | 0.340 |  36.416 | 0.096 | 0.296 |   0 |    0 |   190 | 190 |   0 |
|   338 | GET    | /@\w+                       | 0.016 | 0.356 |  36.240 | 0.107 | 0.296 |   0 |  338 |     0 |   0 |   0 |
|   266 | POST   | /comment                    | 0.004 | 0.288 |  23.728 | 0.089 | 0.264 |   0 |    0 |   266 |   0 |   0 |
|   266 | POST   | /register                   | 0.012 | 0.300 |  23.220 | 0.087 | 0.268 |   0 |    0 |   266 |   0 |   0 |
|   227 | GET    | /logout                     | 0.004 | 0.336 |  22.636 | 0.100 | 0.276 |   0 |    0 |   227 |   0 |   0 |
|   266 | GET    | /admin/banned               | 0.064 | 0.300 |  19.708 | 0.074 | 0.256 |   0 |    0 |     0 | 266 |   0 |
|     2 | GET    | /initialize                 | 0.044 | 0.216 |   0.260 | 0.130 | 0.216 |   0 |    2 |     0 |   0 |   0 |
+-------+--------+-----------------------------+-------+-------+---------+-------+-------+-----+------+-------+-----+-----+
make[1]: Leaving directory '/home/isucon/private_isu/webapp'
